2025-04-08T04:55:33.105009Z 0 [System] [MY-015017] [Server] MySQL Server Initialization - start.
2025-04-08T04:55:33.110180Z 0 [System] [MY-013169] [Server] D:\desktop\file\Code\python\distribute\setup\mysql-8.4.0-winx64\bin\mysqld.exe (mysqld 8.4.0) initializing of server in progress as process 42596
2025-04-08T04:55:33.198474Z 1 [System] [MY-013576] [InnoDB] InnoDB initialization has started.
2025-04-08T04:55:33.469290Z 1 [System] [MY-013577] [InnoDB] InnoDB initialization has ended.
2025-04-08T04:55:34.656948Z 6 [Warning] [MY-010453] [Server] root@localhost is created with an empty password ! Please consider switching off the --initialize-insecure option.
2025-04-08T04:55:35.812825Z 0 [System] [MY-015018] [Server] MySQL Server Initialization - end.
2025-04-08T04:55:35.874125Z 0 [System] [MY-015015] [Server] MySQL Server - start.
2025-04-08T04:55:35.983999Z 0 [System] [MY-010116] [Server] D:\desktop\file\Code\python\distribute\setup\mysql-8.4.0-winx64\bin\mysqld.exe (mysqld 8.4.0) starting as process 39492
2025-04-08T04:55:35.999336Z 1 [System] [MY-013576] [InnoDB] InnoDB initialization has started.
2025-04-08T04:55:36.279224Z 1 [System] [MY-013577] [InnoDB] InnoDB initialization has ended.
2025-04-08T04:55:36.499162Z 0 [Warning] [MY-010068] [Server] CA certificate ca.pem is self signed.
2025-04-08T04:55:36.499589Z 0 [System] [MY-013602] [Server] Channel mysql_main configured to support TLS. Encrypted connections are now supported for this channel.
2025-04-08T04:55:36.537932Z 0 [System] [MY-010931] [Server] D:\desktop\file\Code\python\distribute\setup\mysql-8.4.0-winx64\bin\mysqld.exe: ready for connections. Version: '8.4.0'  socket: ''  port: 3306  MySQL Community Server - GPL.
2025-04-08T04:55:36.809180Z 0 [System] [MY-011323] [Server] X Plugin ready for connections. Bind-address: '::' port: 33060
2025-04-08T04:55:56.439246Z 0 [System] [MY-015017] [Server] MySQL Server Initialization - start.
2025-04-08T04:55:56.443502Z 0 [System] [MY-013169] [Server] D:\desktop\file\Code\python\distribute\setup\mysql-8.4.0-winx64\bin\mysqld.exe (mysqld 8.4.0) initializing of server in progress as process 44028
2025-04-08T04:55:56.445125Z 0 [ERROR] [MY-010457] [Server] --initialize specified but the data directory has files in it. Aborting.
2025-04-08T04:55:56.445564Z 0 [ERROR] [MY-013236] [Server] The designated data directory D:\desktop\file\Code\python\distribute\setup\mysql-8.4.0-winx64\data\ is unusable. You can remove all files that the server added to it.
2025-04-08T04:55:56.447992Z 0 [ERROR] [MY-010119] [Server] Aborting
2025-04-08T04:55:56.448296Z 0 [System] [MY-015018] [Server] MySQL Server Initialization - end.
2025-04-08T04:55:56.500611Z 0 [System] [MY-015015] [Server] MySQL Server - start.
2025-04-08T04:55:56.729077Z 0 [System] [MY-010116] [Server] D:\desktop\file\Code\python\distribute\setup\mysql-8.4.0-winx64\bin\mysqld.exe (mysqld 8.4.0) starting as process 41064
2025-04-08T04:55:56.740926Z 1 [System] [MY-013576] [InnoDB] InnoDB initialization has started.
2025-04-08T04:55:56.743468Z 1 [ERROR] [MY-012271] [InnoDB] The innodb_system data file 'ibdata1' must be writable
2025-04-08T04:55:56.743784Z 1 [ERROR] [MY-012278] [InnoDB] The innodb_system data file 'ibdata1' must be writable
2025-04-08T04:55:56.744087Z 1 [ERROR] [MY-010334] [Server] Failed to initialize DD Storage Engine
2025-04-08T04:55:56.744607Z 0 [ERROR] [MY-010020] [Server] Data Dictionary initialization failed.
2025-04-08T04:55:56.744861Z 0 [ERROR] [MY-010119] [Server] Aborting
2025-04-08T04:55:56.745957Z 0 [System] [MY-010910] [Server] D:\desktop\file\Code\python\distribute\setup\mysql-8.4.0-winx64\bin\mysqld.exe: Shutdown complete (mysqld 8.4.0)  MySQL Community Server - GPL.
2025-04-08T04:55:56.746619Z 0 [System] [MY-015016] [Server] MySQL Server - end.
2025-04-08T05:02:02.456836Z 0 [System] [MY-015017] [Server] MySQL Server Initialization - start.
2025-04-08T05:02:02.476519Z 0 [System] [MY-013169] [Server] D:\desktop\file\Code\python\distribute\setup\mysql-8.4.0-winx64\bin\mysqld.exe (mysqld 8.4.0) initializing of server in progress as process 26048
2025-04-08T05:02:02.486984Z 0 [ERROR] [MY-010457] [Server] --initialize specified but the data directory has files in it. Aborting.
2025-04-08T05:02:02.487322Z 0 [ERROR] [MY-013236] [Server] The designated data directory D:\desktop\file\Code\python\distribute\setup\mysql-8.4.0-winx64\data\ is unusable. You can remove all files that the server added to it.
2025-04-08T05:02:02.489379Z 0 [ERROR] [MY-010119] [Server] Aborting
2025-04-08T05:02:02.495059Z 0 [System] [MY-015018] [Server] MySQL Server Initialization - end.
2025-04-08T05:02:02.553255Z 0 [System] [MY-015015] [Server] MySQL Server - start.
2025-04-08T05:02:02.721455Z 0 [System] [MY-010116] [Server] D:\desktop\file\Code\python\distribute\setup\mysql-8.4.0-winx64\bin\mysqld.exe (mysqld 8.4.0) starting as process 9000
2025-04-08T05:02:02.745579Z 1 [System] [MY-013576] [InnoDB] InnoDB initialization has started.
2025-04-08T05:02:03.176594Z 1 [System] [MY-013577] [InnoDB] InnoDB initialization has ended.
2025-04-08T05:02:03.365512Z 0 [System] [MY-010229] [Server] Starting XA crash recovery...
2025-04-08T05:02:03.369579Z 0 [System] [MY-010232] [Server] XA crash recovery finished.
2025-04-08T05:02:03.480424Z 0 [Warning] [MY-010068] [Server] CA certificate ca.pem is self signed.
2025-04-08T05:02:03.480688Z 0 [System] [MY-013602] [Server] Channel mysql_main configured to support TLS. Encrypted connections are now supported for this channel.
2025-04-08T05:02:03.511338Z 0 [System] [MY-010931] [Server] D:\desktop\file\Code\python\distribute\setup\mysql-8.4.0-winx64\bin\mysqld.exe: ready for connections. Version: '8.4.0'  socket: ''  port: 3306  MySQL Community Server - GPL.
2025-04-08T05:02:03.785494Z 0 [System] [MY-011323] [Server] X Plugin ready for connections. Bind-address: '::' port: 33060
2025-04-08T05:02:12.350296Z 0 [System] [MY-015017] [Server] MySQL Server Initialization - start.
2025-04-08T05:02:12.355483Z 0 [System] [MY-013169] [Server] D:\desktop\file\Code\python\distribute\setup\mysql-8.4.0-winx64\bin\mysqld.exe (mysqld 8.4.0) initializing of server in progress as process 35724
2025-04-08T05:02:12.357305Z 0 [ERROR] [MY-010457] [Server] --initialize specified but the data directory has files in it. Aborting.
2025-04-08T05:02:12.357728Z 0 [ERROR] [MY-013236] [Server] The designated data directory D:\desktop\file\Code\python\distribute\setup\mysql-8.4.0-winx64\data\ is unusable. You can remove all files that the server added to it.
2025-04-08T05:02:12.359587Z 0 [ERROR] [MY-010119] [Server] Aborting
2025-04-08T05:02:12.359904Z 0 [System] [MY-015018] [Server] MySQL Server Initialization - end.
2025-04-08T05:02:12.410630Z 0 [System] [MY-015015] [Server] MySQL Server - start.
2025-04-08T05:02:12.632024Z 0 [System] [MY-010116] [Server] D:\desktop\file\Code\python\distribute\setup\mysql-8.4.0-winx64\bin\mysqld.exe (mysqld 8.4.0) starting as process 27104
2025-04-08T05:02:12.645902Z 1 [System] [MY-013576] [InnoDB] InnoDB initialization has started.
2025-04-08T05:02:12.648298Z 1 [ERROR] [MY-012271] [InnoDB] The innodb_system data file 'ibdata1' must be writable
2025-04-08T05:02:12.648582Z 1 [ERROR] [MY-012278] [InnoDB] The innodb_system data file 'ibdata1' must be writable
2025-04-08T05:02:12.648864Z 1 [ERROR] [MY-010334] [Server] Failed to initialize DD Storage Engine
2025-04-08T05:02:12.649333Z 0 [ERROR] [MY-010020] [Server] Data Dictionary initialization failed.
2025-04-08T05:02:12.649590Z 0 [ERROR] [MY-010119] [Server] Aborting
2025-04-08T05:02:12.651126Z 0 [System] [MY-010910] [Server] D:\desktop\file\Code\python\distribute\setup\mysql-8.4.0-winx64\bin\mysqld.exe: Shutdown complete (mysqld 8.4.0)  MySQL Community Server - GPL.
2025-04-08T05:02:12.651624Z 0 [System] [MY-015016] [Server] MySQL Server - end.
2025-09-28T12:20:16.424603Z 0 [System] [MY-015017] [Server] MySQL Server Initialization - start.
2025-09-28T12:20:16.442170Z 0 [System] [MY-013169] [Server] D:\desktop\file\Code\VS_Code\python\distribute\setup\mysql-8.4.0-winx64\bin\mysqld.exe (mysqld 8.4.0) initializing of server in progress as process 31556
2025-09-28T12:20:16.445981Z 0 [ERROR] [MY-010457] [Server] --initialize specified but the data directory has files in it. Aborting.
2025-09-28T12:20:16.446366Z 0 [ERROR] [MY-013236] [Server] The designated data directory D:\desktop\file\Code\VS_Code\python\distribute\setup\mysql-8.4.0-winx64\data\ is unusable. You can remove all files that the server added to it.
2025-09-28T12:20:16.448500Z 0 [ERROR] [MY-010119] [Server] Aborting
2025-09-28T12:20:16.448989Z 0 [System] [MY-015018] [Server] MySQL Server Initialization - end.
2025-09-28T12:20:16.518947Z 0 [System] [MY-015015] [Server] MySQL Server - start.
2025-09-28T12:20:16.784691Z 0 [System] [MY-010116] [Server] D:\desktop\file\Code\VS_Code\python\distribute\setup\mysql-8.4.0-winx64\bin\mysqld.exe (mysqld 8.4.0) starting as process 53156
2025-09-28T12:20:16.810473Z 1 [System] [MY-013576] [InnoDB] InnoDB initialization has started.
2025-09-28T12:20:17.528483Z 1 [System] [MY-013577] [InnoDB] InnoDB initialization has ended.
2025-09-28T12:20:17.815830Z 0 [System] [MY-010229] [Server] Starting XA crash recovery...
2025-09-28T12:20:17.823986Z 0 [System] [MY-010232] [Server] XA crash recovery finished.
2025-09-28T12:20:17.921821Z 0 [Warning] [MY-010068] [Server] CA certificate ca.pem is self signed.
2025-09-28T12:20:17.922612Z 0 [System] [MY-013602] [Server] Channel mysql_main configured to support TLS. Encrypted connections are now supported for this channel.
2025-09-28T12:20:17.980970Z 0 [System] [MY-010931] [Server] D:\desktop\file\Code\VS_Code\python\distribute\setup\mysql-8.4.0-winx64\bin\mysqld.exe: ready for connections. Version: '8.4.0'  socket: ''  port: 3306  MySQL Community Server - GPL.
2025-09-28T12:20:18.247139Z 0 [System] [MY-011323] [Server] X Plugin ready for connections. Bind-address: '::' port: 33060
2025-09-28T12:20:18.586255Z 0 [System] [MY-015017] [Server] MySQL Server Initialization - start.
2025-09-28T12:20:18.596203Z 0 [System] [MY-013169] [Server] D:\desktop\file\Code\VS_Code\python\distribute\setup\mysql-8.4.0-winx64\bin\mysqld.exe (mysqld 8.4.0) initializing of server in progress as process 61808
2025-09-28T12:20:18.599101Z 0 [ERROR] [MY-010457] [Server] --initialize specified but the data directory has files in it. Aborting.
2025-09-28T12:20:18.599886Z 0 [ERROR] [MY-013236] [Server] The designated data directory D:\desktop\file\Code\VS_Code\python\distribute\setup\mysql-8.4.0-winx64\data\ is unusable. You can remove all files that the server added to it.
2025-09-28T12:20:18.602957Z 0 [ERROR] [MY-010119] [Server] Aborting
2025-09-28T12:20:18.603445Z 0 [System] [MY-015018] [Server] MySQL Server Initialization - end.
2025-09-28T12:20:18.722447Z 0 [System] [MY-015015] [Server] MySQL Server - start.
2025-09-28T12:20:18.933532Z 0 [System] [MY-010116] [Server] D:\desktop\file\Code\VS_Code\python\distribute\setup\mysql-8.4.0-winx64\bin\mysqld.exe (mysqld 8.4.0) starting as process 49632
2025-09-28T12:20:18.951563Z 1 [System] [MY-013576] [InnoDB] InnoDB initialization has started.
2025-09-28T12:20:18.956337Z 1 [ERROR] [MY-012271] [InnoDB] The innodb_system data file 'ibdata1' must be writable
2025-09-28T12:20:18.956866Z 1 [ERROR] [MY-012278] [InnoDB] The innodb_system data file 'ibdata1' must be writable
2025-09-28T12:20:18.957393Z 1 [ERROR] [MY-010334] [Server] Failed to initialize DD Storage Engine
2025-09-28T12:20:18.958146Z 0 [ERROR] [MY-010020] [Server] Data Dictionary initialization failed.
2025-09-28T12:20:18.958608Z 0 [ERROR] [MY-010119] [Server] Aborting
2025-09-28T12:20:18.960318Z 0 [System] [MY-010910] [Server] D:\desktop\file\Code\VS_Code\python\distribute\setup\mysql-8.4.0-winx64\bin\mysqld.exe: Shutdown complete (mysqld 8.4.0)  MySQL Community Server - GPL.
2025-09-28T12:20:18.961358Z 0 [System] [MY-015016] [Server] MySQL Server - end.
2025-09-28T12:20:59.848565Z 0 [System] [MY-015017] [Server] MySQL Server Initialization - start.
2025-09-28T12:20:59.861493Z 0 [System] [MY-013169] [Server] D:\desktop\file\Code\VS_Code\python\distribute\setup\mysql-8.4.0-winx64\bin\mysqld.exe (mysqld 8.4.0) initializing of server in progress as process 42200
2025-09-28T12:20:59.865485Z 0 [ERROR] [MY-010457] [Server] --initialize specified but the data directory has files in it. Aborting.
2025-09-28T12:20:59.865935Z 0 [ERROR] [MY-013236] [Server] The designated data directory D:\desktop\file\Code\VS_Code\python\distribute\setup\mysql-8.4.0-winx64\data\ is unusable. You can remove all files that the server added to it.
2025-09-28T12:20:59.870274Z 0 [ERROR] [MY-010119] [Server] Aborting
2025-09-28T12:20:59.870883Z 0 [System] [MY-015018] [Server] MySQL Server Initialization - end.
2025-09-28T12:20:59.988320Z 0 [System] [MY-015015] [Server] MySQL Server - start.
2025-09-28T12:21:00.177954Z 0 [System] [MY-010116] [Server] D:\desktop\file\Code\VS_Code\python\distribute\setup\mysql-8.4.0-winx64\bin\mysqld.exe (mysqld 8.4.0) starting as process 35220
2025-09-28T12:21:00.203358Z 1 [System] [MY-013576] [InnoDB] InnoDB initialization has started.
2025-09-28T12:21:00.210184Z 1 [ERROR] [MY-012271] [InnoDB] The innodb_system data file 'ibdata1' must be writable
2025-09-28T12:21:00.210938Z 1 [ERROR] [MY-012278] [InnoDB] The innodb_system data file 'ibdata1' must be writable
2025-09-28T12:21:00.211682Z 1 [ERROR] [MY-010334] [Server] Failed to initialize DD Storage Engine
2025-09-28T12:21:00.212767Z 0 [ERROR] [MY-010020] [Server] Data Dictionary initialization failed.
2025-09-28T12:21:00.213427Z 0 [ERROR] [MY-010119] [Server] Aborting
2025-09-28T12:21:00.215426Z 0 [System] [MY-010910] [Server] D:\desktop\file\Code\VS_Code\python\distribute\setup\mysql-8.4.0-winx64\bin\mysqld.exe: Shutdown complete (mysqld 8.4.0)  MySQL Community Server - GPL.
2025-09-28T12:21:00.216705Z 0 [System] [MY-015016] [Server] MySQL Server - end.
2025-09-28T12:21:15.073391Z 0 [System] [MY-015017] [Server] MySQL Server Initialization - start.
2025-09-28T12:21:15.094782Z 0 [System] [MY-013169] [Server] D:\desktop\file\Code\VS_Code\python\distribute\setup\mysql-8.4.0-winx64\bin\mysqld.exe (mysqld 8.4.0) initializing of server in progress as process 5164
2025-09-28T12:21:15.099739Z 0 [ERROR] [MY-010457] [Server] --initialize specified but the data directory has files in it. Aborting.
2025-09-28T12:21:15.100484Z 0 [ERROR] [MY-013236] [Server] The designated data directory D:\desktop\file\Code\VS_Code\python\distribute\setup\mysql-8.4.0-winx64\data\ is unusable. You can remove all files that the server added to it.
2025-09-28T12:21:15.106082Z 0 [ERROR] [MY-010119] [Server] Aborting
2025-09-28T12:21:15.107596Z 0 [System] [MY-015018] [Server] MySQL Server Initialization - end.
2025-09-28T12:21:15.229289Z 0 [System] [MY-015015] [Server] MySQL Server - start.
2025-09-28T12:21:15.442162Z 0 [System] [MY-010116] [Server] D:\desktop\file\Code\VS_Code\python\distribute\setup\mysql-8.4.0-winx64\bin\mysqld.exe (mysqld 8.4.0) starting as process 58564
2025-09-28T12:21:15.465356Z 1 [System] [MY-013576] [InnoDB] InnoDB initialization has started.
2025-09-28T12:21:16.291575Z 1 [System] [MY-013577] [InnoDB] InnoDB initialization has ended.
2025-09-28T12:21:16.659625Z 0 [System] [MY-010229] [Server] Starting XA crash recovery...
2025-09-28T12:21:16.666859Z 0 [System] [MY-010232] [Server] XA crash recovery finished.
2025-09-28T12:21:16.722054Z 0 [Warning] [MY-010068] [Server] CA certificate ca.pem is self signed.
2025-09-28T12:21:16.722817Z 0 [System] [MY-013602] [Server] Channel mysql_main configured to support TLS. Encrypted connections are now supported for this channel.
2025-09-28T12:21:16.770972Z 0 [System] [MY-010931] [Server] D:\desktop\file\Code\VS_Code\python\distribute\setup\mysql-8.4.0-winx64\bin\mysqld.exe: ready for connections. Version: '8.4.0'  socket: ''  port: 3306  MySQL Community Server - GPL.
2025-09-28T12:21:17.040292Z 0 [System] [MY-011323] [Server] X Plugin ready for connections. Bind-address: '::' port: 33060
2025-09-28T12:21:21.291019Z 0 [System] [MY-015017] [Server] MySQL Server Initialization - start.
2025-09-28T12:21:21.298773Z 0 [System] [MY-013169] [Server] D:\desktop\file\Code\VS_Code\python\distribute\setup\mysql-8.4.0-winx64\bin\mysqld.exe (mysqld 8.4.0) initializing of server in progress as process 51692
2025-09-28T12:21:21.301118Z 0 [ERROR] [MY-010457] [Server] --initialize specified but the data directory has files in it. Aborting.
2025-09-28T12:21:21.301679Z 0 [ERROR] [MY-013236] [Server] The designated data directory D:\desktop\file\Code\VS_Code\python\distribute\setup\mysql-8.4.0-winx64\data\ is unusable. You can remove all files that the server added to it.
2025-09-28T12:21:21.304491Z 0 [ERROR] [MY-010119] [Server] Aborting
2025-09-28T12:21:21.304883Z 0 [System] [MY-015018] [Server] MySQL Server Initialization - end.
2025-09-28T12:21:21.389565Z 0 [System] [MY-015015] [Server] MySQL Server - start.
2025-09-28T12:21:21.575170Z 0 [System] [MY-010116] [Server] D:\desktop\file\Code\VS_Code\python\distribute\setup\mysql-8.4.0-winx64\bin\mysqld.exe (mysqld 8.4.0) starting as process 58500
2025-09-28T12:21:21.596389Z 1 [System] [MY-013576] [InnoDB] InnoDB initialization has started.
2025-09-28T12:21:21.601102Z 1 [ERROR] [MY-012271] [InnoDB] The innodb_system data file 'ibdata1' must be writable
2025-09-28T12:21:21.601587Z 1 [ERROR] [MY-012278] [InnoDB] The innodb_system data file 'ibdata1' must be writable
2025-09-28T12:21:21.602076Z 1 [ERROR] [MY-010334] [Server] Failed to initialize DD Storage Engine
2025-09-28T12:21:21.602802Z 0 [ERROR] [MY-010020] [Server] Data Dictionary initialization failed.
2025-09-28T12:21:21.603247Z 0 [ERROR] [MY-010119] [Server] Aborting
2025-09-28T12:21:21.604709Z 0 [System] [MY-010910] [Server] D:\desktop\file\Code\VS_Code\python\distribute\setup\mysql-8.4.0-winx64\bin\mysqld.exe: Shutdown complete (mysqld 8.4.0)  MySQL Community Server - GPL.
2025-09-28T12:21:21.605629Z 0 [System] [MY-015016] [Server] MySQL Server - end.
2025-09-28T12:21:36.232548Z 0 [System] [MY-015015] [Server] MySQL Server - start.
2025-09-28T12:21:36.454486Z 0 [System] [MY-010116] [Server] D:\desktop\file\Code\VS_Code\python\distribute\setup\mysql-8.4.0-winx64\bin\mysqld.exe (mysqld 8.4.0) starting as process 31112
2025-09-28T12:21:36.478783Z 1 [System] [MY-013576] [InnoDB] InnoDB initialization has started.
2025-09-28T12:21:37.311005Z 1 [System] [MY-013577] [InnoDB] InnoDB initialization has ended.
2025-09-28T12:21:37.691235Z 0 [System] [MY-010229] [Server] Starting XA crash recovery...
2025-09-28T12:21:37.697695Z 0 [System] [MY-010232] [Server] XA crash recovery finished.
2025-09-28T12:21:37.758736Z 0 [Warning] [MY-010068] [Server] CA certificate ca.pem is self signed.
2025-09-28T12:21:37.759384Z 0 [System] [MY-013602] [Server] Channel mysql_main configured to support TLS. Encrypted connections are now supported for this channel.
2025-09-28T12:21:37.804306Z 0 [System] [MY-010931] [Server] D:\desktop\file\Code\VS_Code\python\distribute\setup\mysql-8.4.0-winx64\bin\mysqld.exe: ready for connections. Version: '8.4.0'  socket: ''  port: 3306  MySQL Community Server - GPL.
2025-09-28T12:21:38.077467Z 0 [System] [MY-011323] [Server] X Plugin ready for connections. Bind-address: '::' port: 33060
2025-09-28T12:21:46.886171Z 0 [System] [MY-015015] [Server] MySQL Server - start.
2025-09-28T12:21:47.040290Z 0 [System] [MY-010116] [Server] D:\desktop\file\Code\VS_Code\python\distribute\setup\mysql-8.4.0-winx64\bin\mysqld.exe (mysqld 8.4.0) starting as process 9180
2025-09-28T12:21:47.057384Z 1 [System] [MY-013576] [InnoDB] InnoDB initialization has started.
2025-09-28T12:21:47.677153Z 1 [System] [MY-013577] [InnoDB] InnoDB initialization has ended.
2025-09-28T12:21:47.953956Z 0 [System] [MY-010229] [Server] Starting XA crash recovery...
2025-09-28T12:21:47.960675Z 0 [System] [MY-010232] [Server] XA crash recovery finished.
2025-09-28T12:21:48.011303Z 0 [Warning] [MY-010068] [Server] CA certificate ca.pem is self signed.
2025-09-28T12:21:48.011748Z 0 [System] [MY-013602] [Server] Channel mysql_main configured to support TLS. Encrypted connections are now supported for this channel.
2025-09-28T12:21:48.043261Z 0 [System] [MY-010931] [Server] D:\desktop\file\Code\VS_Code\python\distribute\setup\mysql-8.4.0-winx64\bin\mysqld.exe: ready for connections. Version: '8.4.0'  socket: ''  port: 3306  MySQL Community Server - GPL.
2025-09-28T12:22:23.814866Z 0 [System] [MY-015017] [Server] MySQL Server Initialization - start.
2025-09-28T12:22:23.823985Z 0 [System] [MY-013169] [Server] D:\desktop\file\Code\VS_Code\python\distribute\setup\mysql-8.4.0-winx64\bin\mysqld.exe (mysqld 8.4.0) initializing of server in progress as process 37156
2025-09-28T12:22:23.826442Z 0 [ERROR] [MY-010457] [Server] --initialize specified but the data directory has files in it. Aborting.
2025-09-28T12:22:23.826705Z 0 [ERROR] [MY-013236] [Server] The designated data directory D:\desktop\file\Code\VS_Code\python\distribute\setup\mysql-8.4.0-winx64\data\ is unusable. You can remove all files that the server added to it.
2025-09-28T12:22:23.829356Z 0 [ERROR] [MY-010119] [Server] Aborting
2025-09-28T12:22:23.829831Z 0 [System] [MY-015018] [Server] MySQL Server Initialization - end.
2025-09-28T12:22:23.921361Z 0 [System] [MY-015015] [Server] MySQL Server - start.
2025-09-28T12:22:24.131816Z 0 [System] [MY-010116] [Server] D:\desktop\file\Code\VS_Code\python\distribute\setup\mysql-8.4.0-winx64\bin\mysqld.exe (mysqld 8.4.0) starting as process 5424
2025-09-28T12:22:24.154786Z 1 [System] [MY-013576] [InnoDB] InnoDB initialization has started.
2025-09-28T12:22:25.003433Z 0 [System] [MY-015017] [Server] MySQL Server Initialization - start.
2025-09-28T12:22:25.014301Z 0 [System] [MY-013169] [Server] D:\desktop\file\Code\VS_Code\python\distribute\setup\mysql-8.4.0-winx64\bin\mysqld.exe (mysqld 8.4.0) initializing of server in progress as process 65440
2025-09-28T12:22:25.018001Z 0 [ERROR] [MY-010457] [Server] --initialize specified but the data directory has files in it. Aborting.
2025-09-28T12:22:25.019064Z 0 [ERROR] [MY-013236] [Server] The designated data directory D:\desktop\file\Code\VS_Code\python\distribute\setup\mysql-8.4.0-winx64\data\ is unusable. You can remove all files that the server added to it.
2025-09-28T12:22:25.023234Z 0 [ERROR] [MY-010119] [Server] Aborting
2025-09-28T12:22:25.023887Z 0 [System] [MY-015018] [Server] MySQL Server Initialization - end.
2025-09-28T12:22:25.133197Z 0 [System] [MY-015015] [Server] MySQL Server - start.
2025-09-28T12:22:25.405454Z 0 [System] [MY-010116] [Server] D:\desktop\file\Code\VS_Code\python\distribute\setup\mysql-8.4.0-winx64\bin\mysqld.exe (mysqld 8.4.0) starting as process 28304
2025-09-28T12:22:25.431276Z 1 [System] [MY-013576] [InnoDB] InnoDB initialization has started.
2025-09-28T12:22:25.439583Z 1 [ERROR] [MY-012271] [InnoDB] The innodb_system data file 'ibdata1' must be writable
2025-09-28T12:22:25.440498Z 1 [ERROR] [MY-012278] [InnoDB] The innodb_system data file 'ibdata1' must be writable
2025-09-28T12:22:25.441226Z 1 [ERROR] [MY-010334] [Server] Failed to initialize DD Storage Engine
2025-09-28T12:22:25.442260Z 0 [ERROR] [MY-010020] [Server] Data Dictionary initialization failed.
2025-09-28T12:22:25.442878Z 0 [ERROR] [MY-010119] [Server] Aborting
2025-09-28T12:22:25.445059Z 0 [System] [MY-010910] [Server] D:\desktop\file\Code\VS_Code\python\distribute\setup\mysql-8.4.0-winx64\bin\mysqld.exe: Shutdown complete (mysqld 8.4.0)  MySQL Community Server - GPL.
2025-09-28T12:22:25.446572Z 0 [System] [MY-015016] [Server] MySQL Server - end.
2025-09-28T12:22:25.495741Z 1 [System] [MY-013577] [InnoDB] InnoDB initialization has ended.
2025-09-28T12:22:25.859330Z 0 [System] [MY-010229] [Server] Starting XA crash recovery...
2025-09-28T12:22:25.866360Z 0 [System] [MY-010232] [Server] XA crash recovery finished.
2025-09-28T12:22:25.992040Z 0 [Warning] [MY-010068] [Server] CA certificate ca.pem is self signed.
2025-09-28T12:22:25.992686Z 0 [System] [MY-013602] [Server] Channel mysql_main configured to support TLS. Encrypted connections are now supported for this channel.
2025-09-28T12:22:26.036611Z 0 [System] [MY-010931] [Server] D:\desktop\file\Code\VS_Code\python\distribute\setup\mysql-8.4.0-winx64\bin\mysqld.exe: ready for connections. Version: '8.4.0'  socket: ''  port: 3306  MySQL Community Server - GPL.
2025-09-28T12:22:26.302524Z 0 [System] [MY-011323] [Server] X Plugin ready for connections. Bind-address: '::' port: 33060
2025-09-28T12:22:30.505166Z 0 [System] [MY-015015] [Server] MySQL Server - start.
2025-09-28T12:22:30.762824Z 0 [System] [MY-010116] [Server] D:\desktop\file\Code\VS_Code\python\distribute\setup\mysql-8.4.0-winx64\bin\mysqld.exe (mysqld 8.4.0) starting as process 34564
2025-09-28T12:22:30.793748Z 1 [System] [MY-013576] [InnoDB] InnoDB initialization has started.
2025-09-28T12:22:30.800256Z 1 [ERROR] [MY-012271] [InnoDB] The innodb_system data file 'ibdata1' must be writable
2025-09-28T12:22:30.800977Z 1 [ERROR] [MY-012278] [InnoDB] The innodb_system data file 'ibdata1' must be writable
2025-09-28T12:22:30.801645Z 1 [ERROR] [MY-010334] [Server] Failed to initialize DD Storage Engine
2025-09-28T12:22:30.802787Z 0 [ERROR] [MY-010020] [Server] Data Dictionary initialization failed.
2025-09-28T12:22:30.803382Z 0 [ERROR] [MY-010119] [Server] Aborting
2025-09-28T12:22:30.805239Z 0 [System] [MY-010910] [Server] D:\desktop\file\Code\VS_Code\python\distribute\setup\mysql-8.4.0-winx64\bin\mysqld.exe: Shutdown complete (mysqld 8.4.0)  MySQL Community Server - GPL.
2025-09-28T12:22:30.806594Z 0 [System] [MY-015016] [Server] MySQL Server - end.
2025-09-28T12:34:42.877300Z 0 [System] [MY-015015] [Server] MySQL Server - start.
2025-09-28T12:34:43.049387Z 0 [System] [MY-010116] [Server] D:\desktop\file\Code\VS_Code\python\distribute\setup\mysql-8.4.0-winx64\bin\mysqld.exe (mysqld 8.4.0) starting as process 23948
2025-09-28T12:34:43.065846Z 1 [System] [MY-013576] [InnoDB] InnoDB initialization has started.
2025-09-28T12:34:43.598190Z 1 [System] [MY-013577] [InnoDB] InnoDB initialization has ended.
2025-09-28T12:34:43.787595Z 0 [System] [MY-010229] [Server] Starting XA crash recovery...
2025-09-28T12:34:43.791126Z 0 [System] [MY-010232] [Server] XA crash recovery finished.
2025-09-28T12:34:43.840737Z 0 [Warning] [MY-010068] [Server] CA certificate ca.pem is self signed.
2025-09-28T12:34:43.841030Z 0 [System] [MY-013602] [Server] Channel mysql_main configured to support TLS. Encrypted connections are now supported for this channel.
2025-09-28T12:34:43.862573Z 0 [System] [MY-010931] [Server] D:\desktop\file\Code\VS_Code\python\distribute\setup\mysql-8.4.0-winx64\bin\mysqld.exe: ready for connections. Version: '8.4.0'  socket: ''  port: 3306  MySQL Community Server - GPL.
2025-09-28T12:34:44.126538Z 0 [System] [MY-011323] [Server] X Plugin ready for connections. Bind-address: '::' port: 33060
2025-09-28T12:34:51.241603Z 0 [System] [MY-015017] [Server] MySQL Server Initialization - start.
2025-09-28T12:34:51.248784Z 0 [System] [MY-013169] [Server] D:\desktop\file\Code\VS_Code\python\distribute\setup\mysql-8.4.0-winx64\bin\mysqld.exe (mysqld 8.4.0) initializing of server in progress as process 16764
2025-09-28T12:34:51.250633Z 0 [ERROR] [MY-010457] [Server] --initialize specified but the data directory has files in it. Aborting.
2025-09-28T12:34:51.250842Z 0 [ERROR] [MY-013236] [Server] The designated data directory D:\desktop\file\Code\VS_Code\python\distribute\setup\mysql-8.4.0-winx64\data\ is unusable. You can remove all files that the server added to it.
2025-09-28T12:34:51.253198Z 0 [ERROR] [MY-010119] [Server] Aborting
2025-09-28T12:34:51.253609Z 0 [System] [MY-015018] [Server] MySQL Server Initialization - end.
2025-09-28T12:34:51.317297Z 0 [System] [MY-015015] [Server] MySQL Server - start.
2025-09-28T12:34:51.547300Z 0 [System] [MY-010116] [Server] D:\desktop\file\Code\VS_Code\python\distribute\setup\mysql-8.4.0-winx64\bin\mysqld.exe (mysqld 8.4.0) starting as process 64184
2025-09-28T12:34:51.564375Z 1 [System] [MY-013576] [InnoDB] InnoDB initialization has started.
2025-09-28T12:34:52.582739Z 1 [System] [MY-013577] [InnoDB] InnoDB initialization has ended.
2025-09-28T12:34:52.784219Z 0 [System] [MY-010229] [Server] Starting XA crash recovery...
2025-09-28T12:34:52.787994Z 0 [System] [MY-010232] [Server] XA crash recovery finished.
2025-09-28T12:34:52.904451Z 0 [Warning] [MY-010068] [Server] CA certificate ca.pem is self signed.
2025-09-28T12:34:52.904965Z 0 [System] [MY-013602] [Server] Channel mysql_main configured to support TLS. Encrypted connections are now supported for this channel.
2025-09-28T12:34:52.928941Z 0 [System] [MY-010931] [Server] D:\desktop\file\Code\VS_Code\python\distribute\setup\mysql-8.4.0-winx64\bin\mysqld.exe: ready for connections. Version: '8.4.0'  socket: ''  port: 3306  MySQL Community Server - GPL.
2025-09-28T12:34:53.027928Z 0 [System] [MY-015017] [Server] MySQL Server Initialization - start.
2025-09-28T12:34:53.034629Z 0 [System] [MY-013169] [Server] D:\desktop\file\Code\VS_Code\python\distribute\setup\mysql-8.4.0-winx64\bin\mysqld.exe (mysqld 8.4.0) initializing of server in progress as process 3008
2025-09-28T12:34:53.036272Z 0 [ERROR] [MY-010457] [Server] --initialize specified but the data directory has files in it. Aborting.
2025-09-28T12:34:53.036771Z 0 [ERROR] [MY-013236] [Server] The designated data directory D:\desktop\file\Code\VS_Code\python\distribute\setup\mysql-8.4.0-winx64\data\ is unusable. You can remove all files that the server added to it.
2025-09-28T12:34:53.038579Z 0 [ERROR] [MY-010119] [Server] Aborting
2025-09-28T12:34:53.038846Z 0 [System] [MY-015018] [Server] MySQL Server Initialization - end.
2025-09-28T12:34:53.190162Z 0 [System] [MY-011323] [Server] X Plugin ready for connections. Bind-address: '::' port: 33060
2025-09-28T12:34:53.104152Z 0 [System] [MY-015015] [Server] MySQL Server - start.
2025-09-28T12:34:53.282174Z 0 [System] [MY-010116] [Server] D:\desktop\file\Code\VS_Code\python\distribute\setup\mysql-8.4.0-winx64\bin\mysqld.exe (mysqld 8.4.0) starting as process 62616
2025-09-28T12:34:53.301514Z 1 [System] [MY-013576] [InnoDB] InnoDB initialization has started.
2025-09-28T12:34:53.304332Z 1 [ERROR] [MY-012271] [InnoDB] The innodb_system data file 'ibdata1' must be writable
2025-09-28T12:34:53.304686Z 1 [ERROR] [MY-012278] [InnoDB] The innodb_system data file 'ibdata1' must be writable
2025-09-28T12:34:53.305043Z 1 [ERROR] [MY-010334] [Server] Failed to initialize DD Storage Engine
2025-09-28T12:34:53.305598Z 0 [ERROR] [MY-010020] [Server] Data Dictionary initialization failed.
2025-09-28T12:34:53.305858Z 0 [ERROR] [MY-010119] [Server] Aborting
2025-09-28T12:34:53.306873Z 0 [System] [MY-010910] [Server] D:\desktop\file\Code\VS_Code\python\distribute\setup\mysql-8.4.0-winx64\bin\mysqld.exe: Shutdown complete (mysqld 8.4.0)  MySQL Community Server - GPL.
2025-09-28T12:34:53.307468Z 0 [System] [MY-015016] [Server] MySQL Server - end.
2025-09-28T12:46:24.009138Z 0 [System] [MY-015017] [Server] MySQL Server Initialization - start.
2025-09-28T12:46:24.016053Z 0 [System] [MY-013169] [Server] D:\desktop\file\Code\VS_Code\python\distribute\setup\mysql-8.4.0-winx64\bin\mysqld.exe (mysqld 8.4.0) initializing of server in progress as process 33448
2025-09-28T12:46:24.017855Z 0 [ERROR] [MY-010457] [Server] --initialize specified but the data directory has files in it. Aborting.
2025-09-28T12:46:24.018041Z 0 [ERROR] [MY-013236] [Server] The designated data directory D:\desktop\file\Code\VS_Code\python\distribute\setup\mysql-8.4.0-winx64\data\ is unusable. You can remove all files that the server added to it.
2025-09-28T12:46:24.019932Z 0 [ERROR] [MY-010119] [Server] Aborting
2025-09-28T12:46:24.020344Z 0 [System] [MY-015018] [Server] MySQL Server Initialization - end.
2025-09-28T12:46:24.085703Z 0 [System] [MY-015015] [Server] MySQL Server - start.
2025-09-28T12:46:24.285738Z 0 [System] [MY-010116] [Server] D:\desktop\file\Code\VS_Code\python\distribute\setup\mysql-8.4.0-winx64\bin\mysqld.exe (mysqld 8.4.0) starting as process 64212
2025-09-28T12:46:24.301720Z 1 [System] [MY-013576] [InnoDB] InnoDB initialization has started.
2025-09-28T12:46:24.304621Z 1 [ERROR] [MY-012271] [InnoDB] The innodb_system data file 'ibdata1' must be writable
2025-09-28T12:46:24.304940Z 1 [ERROR] [MY-012278] [InnoDB] The innodb_system data file 'ibdata1' must be writable
2025-09-28T12:46:24.305305Z 1 [ERROR] [MY-010334] [Server] Failed to initialize DD Storage Engine
2025-09-28T12:46:24.305881Z 0 [ERROR] [MY-010020] [Server] Data Dictionary initialization failed.
2025-09-28T12:46:24.306144Z 0 [ERROR] [MY-010119] [Server] Aborting
2025-09-28T12:46:24.307204Z 0 [System] [MY-010910] [Server] D:\desktop\file\Code\VS_Code\python\distribute\setup\mysql-8.4.0-winx64\bin\mysqld.exe: Shutdown complete (mysqld 8.4.0)  MySQL Community Server - GPL.
2025-09-28T12:46:24.307743Z 0 [System] [MY-015016] [Server] MySQL Server - end.
2025-09-28T12:46:28.151490Z 0 [System] [MY-015017] [Server] MySQL Server Initialization - start.
2025-09-28T12:46:28.157653Z 0 [System] [MY-013169] [Server] D:\desktop\file\Code\VS_Code\python\distribute\setup\mysql-8.4.0-winx64\bin\mysqld.exe (mysqld 8.4.0) initializing of server in progress as process 52404
2025-09-28T12:46:28.159637Z 0 [ERROR] [MY-010457] [Server] --initialize specified but the data directory has files in it. Aborting.
2025-09-28T12:46:28.159875Z 0 [ERROR] [MY-013236] [Server] The designated data directory D:\desktop\file\Code\VS_Code\python\distribute\setup\mysql-8.4.0-winx64\data\ is unusable. You can remove all files that the server added to it.
2025-09-28T12:46:28.161885Z 0 [ERROR] [MY-010119] [Server] Aborting
2025-09-28T12:46:28.162296Z 0 [System] [MY-015018] [Server] MySQL Server Initialization - end.
2025-09-28T12:46:28.224035Z 0 [System] [MY-015015] [Server] MySQL Server - start.
2025-09-28T12:46:28.451127Z 0 [System] [MY-010116] [Server] D:\desktop\file\Code\VS_Code\python\distribute\setup\mysql-8.4.0-winx64\bin\mysqld.exe (mysqld 8.4.0) starting as process 44212
2025-09-28T12:46:28.471217Z 1 [System] [MY-013576] [InnoDB] InnoDB initialization has started.
2025-09-28T12:46:29.768055Z 1 [System] [MY-013577] [InnoDB] InnoDB initialization has ended.
2025-09-28T12:46:29.793780Z 0 [System] [MY-015017] [Server] MySQL Server Initialization - start.
2025-09-28T12:46:29.800620Z 0 [System] [MY-013169] [Server] D:\desktop\file\Code\VS_Code\python\distribute\setup\mysql-8.4.0-winx64\bin\mysqld.exe (mysqld 8.4.0) initializing of server in progress as process 59256
2025-09-28T12:46:29.802370Z 0 [ERROR] [MY-010457] [Server] --initialize specified but the data directory has files in it. Aborting.
2025-09-28T12:46:29.802919Z 0 [ERROR] [MY-013236] [Server] The designated data directory D:\desktop\file\Code\VS_Code\python\distribute\setup\mysql-8.4.0-winx64\data\ is unusable. You can remove all files that the server added to it.
2025-09-28T12:46:29.804799Z 0 [ERROR] [MY-010119] [Server] Aborting
2025-09-28T12:46:29.805114Z 0 [System] [MY-015018] [Server] MySQL Server Initialization - end.
2025-09-28T12:46:29.903630Z 0 [System] [MY-010229] [Server] Starting XA crash recovery...
2025-09-28T12:46:29.907629Z 0 [System] [MY-010232] [Server] XA crash recovery finished.
2025-09-28T12:46:29.868717Z 0 [System] [MY-015015] [Server] MySQL Server - start.
2025-09-28T12:46:30.004660Z 0 [System] [MY-010116] [Server] D:\desktop\file\Code\VS_Code\python\distribute\setup\mysql-8.4.0-winx64\bin\mysqld.exe (mysqld 8.4.0) starting as process 48656
2025-09-28T12:46:30.017652Z 1 [System] [MY-013576] [InnoDB] InnoDB initialization has started.
2025-09-28T12:46:30.019249Z 0 [Warning] [MY-010068] [Server] CA certificate ca.pem is self signed.
2025-09-28T12:46:30.019575Z 0 [System] [MY-013602] [Server] Channel mysql_main configured to support TLS. Encrypted connections are now supported for this channel.
2025-09-28T12:46:30.020730Z 1 [ERROR] [MY-012271] [InnoDB] The innodb_system data file 'ibdata1' must be writable
2025-09-28T12:46:30.021084Z 1 [ERROR] [MY-012278] [InnoDB] The innodb_system data file 'ibdata1' must be writable
2025-09-28T12:46:30.021435Z 1 [ERROR] [MY-010334] [Server] Failed to initialize DD Storage Engine
2025-09-28T12:46:30.021961Z 0 [ERROR] [MY-010020] [Server] Data Dictionary initialization failed.
2025-09-28T12:46:30.022222Z 0 [ERROR] [MY-010119] [Server] Aborting
2025-09-28T12:46:30.023254Z 0 [System] [MY-010910] [Server] D:\desktop\file\Code\VS_Code\python\distribute\setup\mysql-8.4.0-winx64\bin\mysqld.exe: Shutdown complete (mysqld 8.4.0)  MySQL Community Server - GPL.
2025-09-28T12:46:30.023842Z 0 [System] [MY-015016] [Server] MySQL Server - end.
2025-09-28T12:46:30.045462Z 0 [System] [MY-010931] [Server] D:\desktop\file\Code\VS_Code\python\distribute\setup\mysql-8.4.0-winx64\bin\mysqld.exe: ready for connections. Version: '8.4.0'  socket: ''  port: 3306  MySQL Community Server - GPL.
2025-09-28T12:46:30.310796Z 0 [System] [MY-011323] [Server] X Plugin ready for connections. Bind-address: '::' port: 33060
2025-09-28T12:46:34.556006Z 0 [System] [MY-015015] [Server] MySQL Server - start.
2025-09-28T12:46:34.767207Z 0 [System] [MY-010116] [Server] D:\desktop\file\Code\VS_Code\python\distribute\setup\mysql-8.4.0-winx64\bin\mysqld.exe (mysqld 8.4.0) starting as process 9224
2025-09-28T12:46:34.789063Z 1 [System] [MY-013576] [InnoDB] InnoDB initialization has started.
2025-09-28T12:46:34.791962Z 1 [ERROR] [MY-012271] [InnoDB] The innodb_system data file 'ibdata1' must be writable
2025-09-28T12:46:34.792285Z 1 [ERROR] [MY-012278] [InnoDB] The innodb_system data file 'ibdata1' must be writable
2025-09-28T12:46:34.792696Z 1 [ERROR] [MY-010334] [Server] Failed to initialize DD Storage Engine
2025-09-28T12:46:34.793200Z 0 [ERROR] [MY-010020] [Server] Data Dictionary initialization failed.
2025-09-28T12:46:34.793469Z 0 [ERROR] [MY-010119] [Server] Aborting
2025-09-28T12:46:34.794583Z 0 [System] [MY-010910] [Server] D:\desktop\file\Code\VS_Code\python\distribute\setup\mysql-8.4.0-winx64\bin\mysqld.exe: Shutdown complete (mysqld 8.4.0)  MySQL Community Server - GPL.
2025-09-28T12:46:34.795118Z 0 [System] [MY-015016] [Server] MySQL Server - end.
2025-09-28T12:55:55.305189Z 0 [System] [MY-015017] [Server] MySQL Server Initialization - start.
2025-09-28T12:55:55.312221Z 0 [System] [MY-013169] [Server] D:\desktop\file\Code\VS_Code\python\distribute\setup\mysql-8.4.0-winx64\bin\mysqld.exe (mysqld 8.4.0) initializing of server in progress as process 34852
2025-09-28T12:55:55.314008Z 0 [ERROR] [MY-010457] [Server] --initialize specified but the data directory has files in it. Aborting.
2025-09-28T12:55:55.314183Z 0 [ERROR] [MY-013236] [Server] The designated data directory D:\desktop\file\Code\VS_Code\python\distribute\setup\mysql-8.4.0-winx64\data\ is unusable. You can remove all files that the server added to it.
2025-09-28T12:55:55.316161Z 0 [ERROR] [MY-010119] [Server] Aborting
2025-09-28T12:55:55.316525Z 0 [System] [MY-015018] [Server] MySQL Server Initialization - end.
2025-09-28T12:55:55.382184Z 0 [System] [MY-015015] [Server] MySQL Server - start.
2025-09-28T12:55:55.564230Z 0 [System] [MY-010116] [Server] D:\desktop\file\Code\VS_Code\python\distribute\setup\mysql-8.4.0-winx64\bin\mysqld.exe (mysqld 8.4.0) starting as process 25568
2025-09-28T12:55:55.579957Z 1 [System] [MY-013576] [InnoDB] InnoDB initialization has started.
2025-09-28T12:55:56.150460Z 1 [System] [MY-013577] [InnoDB] InnoDB initialization has ended.
2025-09-28T12:55:56.385749Z 0 [System] [MY-010229] [Server] Starting XA crash recovery...
2025-09-28T12:55:56.389490Z 0 [System] [MY-010232] [Server] XA crash recovery finished.
2025-09-28T12:55:56.446624Z 0 [Warning] [MY-010068] [Server] CA certificate ca.pem is self signed.
2025-09-28T12:55:56.446932Z 0 [System] [MY-013602] [Server] Channel mysql_main configured to support TLS. Encrypted connections are now supported for this channel.
2025-09-28T12:55:56.481672Z 0 [System] [MY-010931] [Server] D:\desktop\file\Code\VS_Code\python\distribute\setup\mysql-8.4.0-winx64\bin\mysqld.exe: ready for connections. Version: '8.4.0'  socket: ''  port: 3306  MySQL Community Server - GPL.
2025-09-28T12:55:56.745445Z 0 [System] [MY-011323] [Server] X Plugin ready for connections. Bind-address: '::' port: 33060
2025-09-28T12:55:59.500337Z 0 [System] [MY-015017] [Server] MySQL Server Initialization - start.
2025-09-28T12:55:59.507163Z 0 [System] [MY-013169] [Server] D:\desktop\file\Code\VS_Code\python\distribute\setup\mysql-8.4.0-winx64\bin\mysqld.exe (mysqld 8.4.0) initializing of server in progress as process 3372
2025-09-28T12:55:59.509093Z 0 [ERROR] [MY-010457] [Server] --initialize specified but the data directory has files in it. Aborting.
2025-09-28T12:55:59.509836Z 0 [ERROR] [MY-013236] [Server] The designated data directory D:\desktop\file\Code\VS_Code\python\distribute\setup\mysql-8.4.0-winx64\data\ is unusable. You can remove all files that the server added to it.
2025-09-28T12:55:59.511721Z 0 [ERROR] [MY-010119] [Server] Aborting
2025-09-28T12:55:59.512001Z 0 [System] [MY-015018] [Server] MySQL Server Initialization - end.
2025-09-28T12:55:59.589281Z 0 [System] [MY-015015] [Server] MySQL Server - start.
2025-09-28T12:55:59.796412Z 0 [System] [MY-010116] [Server] D:\desktop\file\Code\VS_Code\python\distribute\setup\mysql-8.4.0-winx64\bin\mysqld.exe (mysqld 8.4.0) starting as process 35056
2025-09-28T12:55:59.812056Z 1 [System] [MY-013576] [InnoDB] InnoDB initialization has started.
2025-09-28T12:55:59.814912Z 1 [ERROR] [MY-012271] [InnoDB] The innodb_system data file 'ibdata1' must be writable
2025-09-28T12:55:59.816809Z 1 [ERROR] [MY-012278] [InnoDB] The innodb_system data file 'ibdata1' must be writable
2025-09-28T12:55:59.818029Z 1 [ERROR] [MY-010334] [Server] Failed to initialize DD Storage Engine
2025-09-28T12:55:59.819729Z 0 [ERROR] [MY-010020] [Server] Data Dictionary initialization failed.
2025-09-28T12:55:59.820024Z 0 [ERROR] [MY-010119] [Server] Aborting
2025-09-28T12:55:59.821966Z 0 [System] [MY-010910] [Server] D:\desktop\file\Code\VS_Code\python\distribute\setup\mysql-8.4.0-winx64\bin\mysqld.exe: Shutdown complete (mysqld 8.4.0)  MySQL Community Server - GPL.
2025-09-28T12:55:59.822706Z 0 [System] [MY-015016] [Server] MySQL Server - end.
2025-09-28T12:56:14.990114Z 0 [System] [MY-015015] [Server] MySQL Server - start.
2025-09-28T12:56:15.238109Z 0 [System] [MY-010116] [Server] D:\desktop\file\Code\VS_Code\python\distribute\setup\mysql-8.4.0-winx64\bin\mysqld.exe (mysqld 8.4.0) starting as process 46152
2025-09-28T12:56:15.254813Z 1 [System] [MY-013576] [InnoDB] InnoDB initialization has started.
2025-09-28T12:56:15.257641Z 1 [ERROR] [MY-012271] [InnoDB] The innodb_system data file 'ibdata1' must be writable
2025-09-28T12:56:15.257953Z 1 [ERROR] [MY-012278] [InnoDB] The innodb_system data file 'ibdata1' must be writable
2025-09-28T12:56:15.258256Z 1 [ERROR] [MY-010334] [Server] Failed to initialize DD Storage Engine
2025-09-28T12:56:15.259038Z 0 [ERROR] [MY-010020] [Server] Data Dictionary initialization failed.
2025-09-28T12:56:15.259324Z 0 [ERROR] [MY-010119] [Server] Aborting
2025-09-28T12:56:15.260500Z 0 [System] [MY-010910] [Server] D:\desktop\file\Code\VS_Code\python\distribute\setup\mysql-8.4.0-winx64\bin\mysqld.exe: Shutdown complete (mysqld 8.4.0)  MySQL Community Server - GPL.
2025-09-28T12:56:15.261045Z 0 [System] [MY-015016] [Server] MySQL Server - end.
2025-09-28T14:06:02.012292Z 0 [System] [MY-015017] [Server] MySQL Server Initialization - start.
2025-09-28T14:06:02.019127Z 0 [System] [MY-013169] [Server] D:\desktop\file\Code\VS_Code\python\distribute\setup\mysql-8.4.0-winx64\bin\mysqld.exe (mysqld 8.4.0) initializing of server in progress as process 65100
2025-09-28T14:06:02.020813Z 0 [ERROR] [MY-010457] [Server] --initialize specified but the data directory has files in it. Aborting.
2025-09-28T14:06:02.020984Z 0 [ERROR] [MY-013236] [Server] The designated data directory D:\desktop\file\Code\VS_Code\python\distribute\setup\mysql-8.4.0-winx64\data\ is unusable. You can remove all files that the server added to it.
2025-09-28T14:06:02.022832Z 0 [ERROR] [MY-010119] [Server] Aborting
2025-09-28T14:06:02.023172Z 0 [System] [MY-015018] [Server] MySQL Server Initialization - end.
2025-09-28T14:06:02.087617Z 0 [System] [MY-015015] [Server] MySQL Server - start.
2025-09-28T14:06:02.255924Z 0 [System] [MY-010116] [Server] D:\desktop\file\Code\VS_Code\python\distribute\setup\mysql-8.4.0-winx64\bin\mysqld.exe (mysqld 8.4.0) starting as process 62288
2025-09-28T14:06:02.270538Z 1 [System] [MY-013576] [InnoDB] InnoDB initialization has started.
2025-09-28T14:06:02.874277Z 1 [System] [MY-013577] [InnoDB] InnoDB initialization has ended.
2025-09-28T14:06:03.116912Z 0 [System] [MY-010229] [Server] Starting XA crash recovery...
2025-09-28T14:06:03.121892Z 0 [System] [MY-010232] [Server] XA crash recovery finished.
2025-09-28T14:06:03.186934Z 0 [Warning] [MY-010068] [Server] CA certificate ca.pem is self signed.
2025-09-28T14:06:03.187274Z 0 [System] [MY-013602] [Server] Channel mysql_main configured to support TLS. Encrypted connections are now supported for this channel.
2025-09-28T14:06:03.211866Z 0 [System] [MY-010931] [Server] D:\desktop\file\Code\VS_Code\python\distribute\setup\mysql-8.4.0-winx64\bin\mysqld.exe: ready for connections. Version: '8.4.0'  socket: ''  port: 3306  MySQL Community Server - GPL.
2025-09-28T14:06:03.471975Z 0 [System] [MY-011323] [Server] X Plugin ready for connections. Bind-address: '::' port: 33060
2025-09-28T14:06:03.761466Z 0 [System] [MY-015017] [Server] MySQL Server Initialization - start.
2025-09-28T14:06:03.768268Z 0 [System] [MY-013169] [Server] D:\desktop\file\Code\VS_Code\python\distribute\setup\mysql-8.4.0-winx64\bin\mysqld.exe (mysqld 8.4.0) initializing of server in progress as process 24596
2025-09-28T14:06:03.770354Z 0 [ERROR] [MY-010457] [Server] --initialize specified but the data directory has files in it. Aborting.
2025-09-28T14:06:03.770796Z 0 [ERROR] [MY-013236] [Server] The designated data directory D:\desktop\file\Code\VS_Code\python\distribute\setup\mysql-8.4.0-winx64\data\ is unusable. You can remove all files that the server added to it.
2025-09-28T14:06:03.772739Z 0 [ERROR] [MY-010119] [Server] Aborting
2025-09-28T14:06:03.773041Z 0 [System] [MY-015018] [Server] MySQL Server Initialization - end.
2025-09-28T14:06:03.846770Z 0 [System] [MY-015015] [Server] MySQL Server - start.
2025-09-28T14:06:03.983945Z 0 [System] [MY-010116] [Server] D:\desktop\file\Code\VS_Code\python\distribute\setup\mysql-8.4.0-winx64\bin\mysqld.exe (mysqld 8.4.0) starting as process 3064
2025-09-28T14:06:03.998020Z 1 [System] [MY-013576] [InnoDB] InnoDB initialization has started.
2025-09-28T14:06:04.000750Z 1 [ERROR] [MY-012271] [InnoDB] The innodb_system data file 'ibdata1' must be writable
2025-09-28T14:06:04.001083Z 1 [ERROR] [MY-012278] [InnoDB] The innodb_system data file 'ibdata1' must be writable
2025-09-28T14:06:04.001413Z 1 [ERROR] [MY-010334] [Server] Failed to initialize DD Storage Engine
2025-09-28T14:06:04.001911Z 0 [ERROR] [MY-010020] [Server] Data Dictionary initialization failed.
2025-09-28T14:06:04.002180Z 0 [ERROR] [MY-010119] [Server] Aborting
2025-09-28T14:06:04.003241Z 0 [System] [MY-010910] [Server] D:\desktop\file\Code\VS_Code\python\distribute\setup\mysql-8.4.0-winx64\bin\mysqld.exe: Shutdown complete (mysqld 8.4.0)  MySQL Community Server - GPL.
2025-09-28T14:06:04.003829Z 0 [System] [MY-015016] [Server] MySQL Server - end.
2025-09-28T14:06:07.368219Z 0 [System] [MY-015015] [Server] MySQL Server - start.
2025-09-28T14:06:07.529249Z 0 [System] [MY-010116] [Server] D:\desktop\file\Code\VS_Code\python\distribute\setup\mysql-8.4.0-winx64\bin\mysqld.exe (mysqld 8.4.0) starting as process 60264
2025-09-28T14:06:07.546161Z 1 [System] [MY-013576] [InnoDB] InnoDB initialization has started.
2025-09-28T14:06:07.548994Z 1 [ERROR] [MY-012271] [InnoDB] The innodb_system data file 'ibdata1' must be writable
2025-09-28T14:06:07.549450Z 1 [ERROR] [MY-012278] [InnoDB] The innodb_system data file 'ibdata1' must be writable
2025-09-28T14:06:07.549752Z 1 [ERROR] [MY-010334] [Server] Failed to initialize DD Storage Engine
2025-09-28T14:06:07.550241Z 0 [ERROR] [MY-010020] [Server] Data Dictionary initialization failed.
2025-09-28T14:06:07.550512Z 0 [ERROR] [MY-010119] [Server] Aborting
2025-09-28T14:06:07.551612Z 0 [System] [MY-010910] [Server] D:\desktop\file\Code\VS_Code\python\distribute\setup\mysql-8.4.0-winx64\bin\mysqld.exe: Shutdown complete (mysqld 8.4.0)  MySQL Community Server - GPL.
2025-09-28T14:06:07.552237Z 0 [System] [MY-015016] [Server] MySQL Server - end.
2025-09-28T14:10:41.392719Z 0 [System] [MY-015017] [Server] MySQL Server Initialization - start.
2025-09-28T14:10:41.399902Z 0 [System] [MY-013169] [Server] D:\desktop\file\Code\VS_Code\python\distribute\setup\mysql-8.4.0-winx64\bin\mysqld.exe (mysqld 8.4.0) initializing of server in progress as process 29124
2025-09-28T14:10:41.402036Z 0 [ERROR] [MY-010457] [Server] --initialize specified but the data directory has files in it. Aborting.
2025-09-28T14:10:41.402281Z 0 [ERROR] [MY-013236] [Server] The designated data directory D:\desktop\file\Code\VS_Code\python\distribute\setup\mysql-8.4.0-winx64\data\ is unusable. You can remove all files that the server added to it.
2025-09-28T14:10:41.404536Z 0 [ERROR] [MY-010119] [Server] Aborting
2025-09-28T14:10:41.404932Z 0 [System] [MY-015018] [Server] MySQL Server Initialization - end.
2025-09-28T14:10:41.511885Z 0 [System] [MY-015015] [Server] MySQL Server - start.
2025-09-28T14:10:41.727016Z 0 [System] [MY-010116] [Server] D:\desktop\file\Code\VS_Code\python\distribute\setup\mysql-8.4.0-winx64\bin\mysqld.exe (mysqld 8.4.0) starting as process 56184
2025-09-28T14:10:41.763242Z 1 [System] [MY-013576] [InnoDB] InnoDB initialization has started.
2025-09-28T14:10:42.650511Z 1 [System] [MY-013577] [InnoDB] InnoDB initialization has ended.
2025-09-28T14:10:43.037281Z 0 [System] [MY-010229] [Server] Starting XA crash recovery...
2025-09-28T14:10:43.043630Z 0 [System] [MY-010232] [Server] XA crash recovery finished.
2025-09-28T14:10:43.113142Z 0 [Warning] [MY-010068] [Server] CA certificate ca.pem is self signed.
2025-09-28T14:10:43.113800Z 0 [System] [MY-013602] [Server] Channel mysql_main configured to support TLS. Encrypted connections are now supported for this channel.
2025-09-28T14:10:43.159254Z 0 [System] [MY-010931] [Server] D:\desktop\file\Code\VS_Code\python\distribute\setup\mysql-8.4.0-winx64\bin\mysqld.exe: ready for connections. Version: '8.4.0'  socket: ''  port: 3306  MySQL Community Server - GPL.
2025-09-28T14:10:43.437981Z 0 [System] [MY-011323] [Server] X Plugin ready for connections. Bind-address: '::' port: 33060
2025-09-28T14:10:43.616479Z 0 [System] [MY-015017] [Server] MySQL Server Initialization - start.
2025-09-28T14:10:43.628102Z 0 [System] [MY-013169] [Server] D:\desktop\file\Code\VS_Code\python\distribute\setup\mysql-8.4.0-winx64\bin\mysqld.exe (mysqld 8.4.0) initializing of server in progress as process 40848
2025-09-28T14:10:43.631195Z 0 [ERROR] [MY-010457] [Server] --initialize specified but the data directory has files in it. Aborting.
2025-09-28T14:10:43.632208Z 0 [ERROR] [MY-013236] [Server] The designated data directory D:\desktop\file\Code\VS_Code\python\distribute\setup\mysql-8.4.0-winx64\data\ is unusable. You can remove all files that the server added to it.
2025-09-28T14:10:43.636198Z 0 [ERROR] [MY-010119] [Server] Aborting
2025-09-28T14:10:43.636810Z 0 [System] [MY-015018] [Server] MySQL Server Initialization - end.
2025-09-28T14:10:43.742257Z 0 [System] [MY-015015] [Server] MySQL Server - start.
2025-09-28T14:10:43.989745Z 0 [System] [MY-010116] [Server] D:\desktop\file\Code\VS_Code\python\distribute\setup\mysql-8.4.0-winx64\bin\mysqld.exe (mysqld 8.4.0) starting as process 62968
2025-09-28T14:10:44.013392Z 1 [System] [MY-013576] [InnoDB] InnoDB initialization has started.
2025-09-28T14:10:44.020014Z 1 [ERROR] [MY-012271] [InnoDB] The innodb_system data file 'ibdata1' must be writable
2025-09-28T14:10:44.020796Z 1 [ERROR] [MY-012278] [InnoDB] The innodb_system data file 'ibdata1' must be writable
2025-09-28T14:10:44.021679Z 1 [ERROR] [MY-010334] [Server] Failed to initialize DD Storage Engine
2025-09-28T14:10:44.022867Z 0 [ERROR] [MY-010020] [Server] Data Dictionary initialization failed.
2025-09-28T14:10:44.023488Z 0 [ERROR] [MY-010119] [Server] Aborting
2025-09-28T14:10:44.025554Z 0 [System] [MY-010910] [Server] D:\desktop\file\Code\VS_Code\python\distribute\setup\mysql-8.4.0-winx64\bin\mysqld.exe: Shutdown complete (mysqld 8.4.0)  MySQL Community Server - GPL.
2025-09-28T14:10:44.026893Z 0 [System] [MY-015016] [Server] MySQL Server - end.
2025-09-28T14:16:58.133243Z 0 [System] [MY-015017] [Server] MySQL Server Initialization - start.
2025-09-28T14:16:58.143105Z 0 [System] [MY-013169] [Server] D:\desktop\file\Code\VS_Code\python\distribute\setup\mysql-8.4.0-winx64\bin\mysqld.exe (mysqld 8.4.0) initializing of server in progress as process 27872
2025-09-28T14:16:58.146617Z 0 [ERROR] [MY-010457] [Server] --initialize specified but the data directory has files in it. Aborting.
2025-09-28T14:16:58.146975Z 0 [ERROR] [MY-013236] [Server] The designated data directory D:\desktop\file\Code\VS_Code\python\distribute\setup\mysql-8.4.0-winx64\data\ is unusable. You can remove all files that the server added to it.
2025-09-28T14:16:58.150589Z 0 [ERROR] [MY-010119] [Server] Aborting
2025-09-28T14:16:58.151144Z 0 [System] [MY-015018] [Server] MySQL Server Initialization - end.
2025-09-28T14:16:58.280814Z 0 [System] [MY-015015] [Server] MySQL Server - start.
2025-09-28T14:16:58.500430Z 0 [System] [MY-010116] [Server] D:\desktop\file\Code\VS_Code\python\distribute\setup\mysql-8.4.0-winx64\bin\mysqld.exe (mysqld 8.4.0) starting as process 31524
2025-09-28T14:16:58.524149Z 1 [System] [MY-013576] [InnoDB] InnoDB initialization has started.
2025-09-28T14:16:59.323169Z 1 [System] [MY-013577] [InnoDB] InnoDB initialization has ended.
2025-09-28T14:16:59.659644Z 0 [System] [MY-010229] [Server] Starting XA crash recovery...
2025-09-28T14:16:59.665708Z 0 [System] [MY-010232] [Server] XA crash recovery finished.
2025-09-28T14:16:59.740041Z 0 [Warning] [MY-010068] [Server] CA certificate ca.pem is self signed.
2025-09-28T14:16:59.740682Z 0 [System] [MY-013602] [Server] Channel mysql_main configured to support TLS. Encrypted connections are now supported for this channel.
2025-09-28T14:16:59.782624Z 0 [System] [MY-010931] [Server] D:\desktop\file\Code\VS_Code\python\distribute\setup\mysql-8.4.0-winx64\bin\mysqld.exe: ready for connections. Version: '8.4.0'  socket: ''  port: 3306  MySQL Community Server - GPL.
2025-09-28T14:17:00.055312Z 0 [System] [MY-011323] [Server] X Plugin ready for connections. Bind-address: '::' port: 33060
2025-09-28T14:17:18.665102Z 0 [System] [MY-015017] [Server] MySQL Server Initialization - start.
2025-09-28T14:17:18.672555Z 0 [System] [MY-013169] [Server] D:\desktop\file\Code\VS_Code\python\distribute\setup\mysql-8.4.0-winx64\bin\mysqld.exe (mysqld 8.4.0) initializing of server in progress as process 62980
2025-09-28T14:17:18.674728Z 0 [ERROR] [MY-010457] [Server] --initialize specified but the data directory has files in it. Aborting.
2025-09-28T14:17:18.674958Z 0 [ERROR] [MY-013236] [Server] The designated data directory D:\desktop\file\Code\VS_Code\python\distribute\setup\mysql-8.4.0-winx64\data\ is unusable. You can remove all files that the server added to it.
2025-09-28T14:17:18.677291Z 0 [ERROR] [MY-010119] [Server] Aborting
2025-09-28T14:17:18.677692Z 0 [System] [MY-015018] [Server] MySQL Server Initialization - end.
2025-09-28T14:17:18.748748Z 0 [System] [MY-015015] [Server] MySQL Server - start.
2025-09-28T14:17:18.922763Z 0 [System] [MY-010116] [Server] D:\desktop\file\Code\VS_Code\python\distribute\setup\mysql-8.4.0-winx64\bin\mysqld.exe (mysqld 8.4.0) starting as process 10732
2025-09-28T14:17:18.956898Z 1 [System] [MY-013576] [InnoDB] InnoDB initialization has started.
2025-09-28T14:17:19.598312Z 1 [System] [MY-013577] [InnoDB] InnoDB initialization has ended.
2025-09-28T14:17:19.876081Z 0 [System] [MY-010229] [Server] Starting XA crash recovery...
2025-09-28T14:17:19.881695Z 0 [System] [MY-010232] [Server] XA crash recovery finished.
2025-09-28T14:17:19.939386Z 0 [Warning] [MY-010068] [Server] CA certificate ca.pem is self signed.
2025-09-28T14:17:19.939884Z 0 [System] [MY-013602] [Server] Channel mysql_main configured to support TLS. Encrypted connections are now supported for this channel.
2025-09-28T14:17:19.980293Z 0 [System] [MY-010931] [Server] D:\desktop\file\Code\VS_Code\python\distribute\setup\mysql-8.4.0-winx64\bin\mysqld.exe: ready for connections. Version: '8.4.0'  socket: ''  port: 3306  MySQL Community Server - GPL.
2025-09-28T14:17:20.251145Z 0 [System] [MY-011323] [Server] X Plugin ready for connections. Bind-address: '::' port: 33060
2025-09-28T14:17:50.184938Z 0 [System] [MY-015015] [Server] MySQL Server - start.
2025-09-28T14:17:50.422524Z 0 [System] [MY-010116] [Server] D:\desktop\file\Code\VS_Code\python\distribute\setup\mysql-8.4.0-winx64\bin\mysqld.exe (mysqld 8.4.0) starting as process 60560
2025-09-28T14:17:50.439520Z 1 [System] [MY-013576] [InnoDB] InnoDB initialization has started.
2025-09-28T14:17:50.964974Z 1 [System] [MY-013577] [InnoDB] InnoDB initialization has ended.
2025-09-28T14:17:51.159731Z 0 [System] [MY-010229] [Server] Starting XA crash recovery...
2025-09-28T14:17:51.163423Z 0 [System] [MY-010232] [Server] XA crash recovery finished.
2025-09-28T14:17:51.209790Z 0 [Warning] [MY-010068] [Server] CA certificate ca.pem is self signed.
2025-09-28T14:17:51.210092Z 0 [System] [MY-013602] [Server] Channel mysql_main configured to support TLS. Encrypted connections are now supported for this channel.
2025-09-28T14:17:51.243754Z 0 [System] [MY-010931] [Server] D:\desktop\file\Code\VS_Code\python\distribute\setup\mysql-8.4.0-winx64\bin\mysqld.exe: ready for connections. Version: '8.4.0'  socket: ''  port: 3306  MySQL Community Server - GPL.
2025-09-28T14:17:51.508756Z 0 [System] [MY-011323] [Server] X Plugin ready for connections. Bind-address: '::' port: 33060
2025-09-28T14:20:14.747087Z 0 [System] [MY-015017] [Server] MySQL Server Initialization - start.
2025-09-28T14:20:14.754717Z 0 [System] [MY-013169] [Server] D:\desktop\file\Code\VS_Code\python\distribute\setup\mysql-8.4.0-winx64\bin\mysqld.exe (mysqld 8.4.0) initializing of server in progress as process 10908
2025-09-28T14:20:14.756672Z 0 [ERROR] [MY-010457] [Server] --initialize specified but the data directory has files in it. Aborting.
2025-09-28T14:20:14.756888Z 0 [ERROR] [MY-013236] [Server] The designated data directory D:\desktop\file\Code\VS_Code\python\distribute\setup\mysql-8.4.0-winx64\data\ is unusable. You can remove all files that the server added to it.
2025-09-28T14:20:14.758960Z 0 [ERROR] [MY-010119] [Server] Aborting
2025-09-28T14:20:14.759343Z 0 [System] [MY-015018] [Server] MySQL Server Initialization - end.
2025-09-28T14:20:20.352704Z 0 [System] [MY-015015] [Server] MySQL Server - start.
2025-09-28T14:20:20.508993Z 0 [System] [MY-010116] [Server] D:\desktop\file\Code\VS_Code\python\distribute\setup\mysql-8.4.0-winx64\bin\mysqld.exe (mysqld 8.4.0) starting as process 30652
2025-09-28T14:20:20.526306Z 1 [System] [MY-013576] [InnoDB] InnoDB initialization has started.
2025-09-28T14:20:21.191728Z 1 [System] [MY-013577] [InnoDB] InnoDB initialization has ended.
2025-09-28T14:20:21.509714Z 0 [System] [MY-010229] [Server] Starting XA crash recovery...
2025-09-28T14:20:21.515730Z 0 [System] [MY-010232] [Server] XA crash recovery finished.
2025-09-28T14:20:21.647710Z 0 [Warning] [MY-010068] [Server] CA certificate ca.pem is self signed.
2025-09-28T14:20:21.648313Z 0 [System] [MY-013602] [Server] Channel mysql_main configured to support TLS. Encrypted connections are now supported for this channel.
2025-09-28T14:20:21.690364Z 0 [System] [MY-010931] [Server] D:\desktop\file\Code\VS_Code\python\distribute\setup\mysql-8.4.0-winx64\bin\mysqld.exe: ready for connections. Version: '8.4.0'  socket: ''  port: 3306  MySQL Community Server - GPL.
2025-09-28T14:20:21.961239Z 0 [System] [MY-011323] [Server] X Plugin ready for connections. Bind-address: '::' port: 33060
2025-09-28T14:21:10.391352Z 0 [System] [MY-015017] [Server] MySQL Server Initialization - start.
2025-09-28T14:21:10.400180Z 0 [System] [MY-013169] [Server] D:\desktop\file\Code\VS_Code\python\distribute\setup\mysql-8.4.0-winx64\bin\mysqld.exe (mysqld 8.4.0) initializing of server in progress as process 44876
2025-09-28T14:21:10.402952Z 0 [ERROR] [MY-010457] [Server] --initialize specified but the data directory has files in it. Aborting.
2025-09-28T14:21:10.403345Z 0 [ERROR] [MY-013236] [Server] The designated data directory D:\desktop\file\Code\VS_Code\python\distribute\setup\mysql-8.4.0-winx64\data\ is unusable. You can remove all files that the server added to it.
2025-09-28T14:21:10.406397Z 0 [ERROR] [MY-010119] [Server] Aborting
2025-09-28T14:21:10.406824Z 0 [System] [MY-015018] [Server] MySQL Server Initialization - end.
2025-09-28T14:21:10.502454Z 0 [System] [MY-015015] [Server] MySQL Server - start.
2025-09-28T14:21:10.793377Z 0 [System] [MY-010116] [Server] D:\desktop\file\Code\VS_Code\python\distribute\setup\mysql-8.4.0-winx64\bin\mysqld.exe (mysqld 8.4.0) starting as process 51460
2025-09-28T14:21:10.815275Z 1 [System] [MY-013576] [InnoDB] InnoDB initialization has started.
2025-09-28T14:21:10.820766Z 1 [ERROR] [MY-012271] [InnoDB] The innodb_system data file 'ibdata1' must be writable
2025-09-28T14:21:10.821390Z 1 [ERROR] [MY-012278] [InnoDB] The innodb_system data file 'ibdata1' must be writable
2025-09-28T14:21:10.821977Z 1 [ERROR] [MY-010334] [Server] Failed to initialize DD Storage Engine
2025-09-28T14:21:10.822836Z 0 [ERROR] [MY-010020] [Server] Data Dictionary initialization failed.
2025-09-28T14:21:10.823313Z 0 [ERROR] [MY-010119] [Server] Aborting
2025-09-28T14:21:10.824887Z 0 [System] [MY-010910] [Server] D:\desktop\file\Code\VS_Code\python\distribute\setup\mysql-8.4.0-winx64\bin\mysqld.exe: Shutdown complete (mysqld 8.4.0)  MySQL Community Server - GPL.
2025-09-28T14:21:10.825850Z 0 [System] [MY-015016] [Server] MySQL Server - end.
2025-09-28T14:23:24.115841Z 0 [System] [MY-015015] [Server] MySQL Server - start.
2025-09-28T14:23:24.307310Z 0 [System] [MY-010116] [Server] D:\desktop\file\Code\VS_Code\python\distribute\setup\mysql-8.4.0-winx64\bin\mysqld.exe (mysqld 8.4.0) starting as process 53604
2025-09-28T14:23:24.326559Z 1 [System] [MY-013576] [InnoDB] InnoDB initialization has started.
2025-09-28T14:23:24.330943Z 1 [ERROR] [MY-012271] [InnoDB] The innodb_system data file 'ibdata1' must be writable
2025-09-28T14:23:24.331416Z 1 [ERROR] [MY-012278] [InnoDB] The innodb_system data file 'ibdata1' must be writable
2025-09-28T14:23:24.331888Z 1 [ERROR] [MY-010334] [Server] Failed to initialize DD Storage Engine
2025-09-28T14:23:24.332588Z 0 [ERROR] [MY-010020] [Server] Data Dictionary initialization failed.
2025-09-28T14:23:24.332990Z 0 [ERROR] [MY-010119] [Server] Aborting
2025-09-28T14:23:24.334365Z 0 [System] [MY-010910] [Server] D:\desktop\file\Code\VS_Code\python\distribute\setup\mysql-8.4.0-winx64\bin\mysqld.exe: Shutdown complete (mysqld 8.4.0)  MySQL Community Server - GPL.
2025-09-28T14:23:24.335183Z 0 [System] [MY-015016] [Server] MySQL Server - end.
2025-09-28T14:24:03.199141Z 0 [System] [MY-015017] [Server] MySQL Server Initialization - start.
2025-09-28T14:24:03.208549Z 0 [System] [MY-013169] [Server] D:\desktop\file\Code\VS_Code\python\distribute\setup\mysql-8.4.0-winx64\bin\mysqld.exe (mysqld 8.4.0) initializing of server in progress as process 58884
2025-09-28T14:24:03.211318Z 0 [ERROR] [MY-010457] [Server] --initialize specified but the data directory has files in it. Aborting.
2025-09-28T14:24:03.211622Z 0 [ERROR] [MY-013236] [Server] The designated data directory D:\desktop\file\Code\VS_Code\python\distribute\setup\mysql-8.4.0-winx64\data\ is unusable. You can remove all files that the server added to it.
2025-09-28T14:24:03.214999Z 0 [ERROR] [MY-010119] [Server] Aborting
2025-09-28T14:24:03.215593Z 0 [System] [MY-015018] [Server] MySQL Server Initialization - end.
2025-09-28T14:24:10.208979Z 0 [System] [MY-015015] [Server] MySQL Server - start.
2025-09-28T14:24:10.386301Z 0 [System] [MY-010116] [Server] D:\desktop\file\Code\VS_Code\python\distribute\setup\mysql-8.4.0-winx64\bin\mysqld.exe (mysqld 8.4.0) starting as process 44584
2025-09-28T14:24:10.407200Z 1 [System] [MY-013576] [InnoDB] InnoDB initialization has started.
2025-09-28T14:24:11.134400Z 1 [System] [MY-013577] [InnoDB] InnoDB initialization has ended.
2025-09-28T14:24:11.485259Z 0 [System] [MY-010229] [Server] Starting XA crash recovery...
2025-09-28T14:24:11.491342Z 0 [System] [MY-010232] [Server] XA crash recovery finished.
2025-09-28T14:24:11.555739Z 0 [Warning] [MY-010068] [Server] CA certificate ca.pem is self signed.
2025-09-28T14:24:11.556464Z 0 [System] [MY-013602] [Server] Channel mysql_main configured to support TLS. Encrypted connections are now supported for this channel.
2025-09-28T14:24:11.597776Z 0 [System] [MY-010931] [Server] D:\desktop\file\Code\VS_Code\python\distribute\setup\mysql-8.4.0-winx64\bin\mysqld.exe: ready for connections. Version: '8.4.0'  socket: ''  port: 3306  MySQL Community Server - GPL.
2025-09-28T14:24:11.858827Z 0 [System] [MY-011323] [Server] X Plugin ready for connections. Bind-address: '::' port: 33060
2025-09-28T14:24:42.922616Z 0 [System] [MY-015017] [Server] MySQL Server Initialization - start.
2025-09-28T14:24:42.933512Z 0 [System] [MY-013169] [Server] D:\desktop\file\Code\VS_Code\python\distribute\setup\mysql-8.4.0-winx64\bin\mysqld.exe (mysqld 8.4.0) initializing of server in progress as process 62928
2025-09-28T14:24:42.937291Z 0 [ERROR] [MY-010457] [Server] --initialize specified but the data directory has files in it. Aborting.
2025-09-28T14:24:42.937729Z 0 [ERROR] [MY-013236] [Server] The designated data directory D:\desktop\file\Code\VS_Code\python\distribute\setup\mysql-8.4.0-winx64\data\ is unusable. You can remove all files that the server added to it.
2025-09-28T14:24:42.941495Z 0 [ERROR] [MY-010119] [Server] Aborting
2025-09-28T14:24:42.942027Z 0 [System] [MY-015018] [Server] MySQL Server Initialization - end.
2025-09-28T14:25:00.271140Z 0 [System] [MY-015017] [Server] MySQL Server Initialization - start.
2025-09-28T14:25:00.280211Z 0 [System] [MY-013169] [Server] D:\desktop\file\Code\VS_Code\python\distribute\setup\mysql-8.4.0-winx64\bin\mysqld.exe (mysqld 8.4.0) initializing of server in progress as process 34804
2025-09-28T14:25:00.282785Z 0 [ERROR] [MY-010457] [Server] --initialize specified but the data directory has files in it. Aborting.
2025-09-28T14:25:00.283089Z 0 [ERROR] [MY-013236] [Server] The designated data directory D:\desktop\file\Code\VS_Code\python\distribute\setup\mysql-8.4.0-winx64\data\ is unusable. You can remove all files that the server added to it.
2025-09-28T14:25:00.285787Z 0 [ERROR] [MY-010119] [Server] Aborting
2025-09-28T14:25:00.286374Z 0 [System] [MY-015018] [Server] MySQL Server Initialization - end.
2025-09-28T14:32:02.225779Z 0 [System] [MY-015017] [Server] MySQL Server Initialization - start.
2025-09-28T14:32:02.235785Z 0 [System] [MY-013169] [Server] D:\desktop\file\Code\VS_Code\python\distribute\setup\mysql-8.4.0-winx64\bin\mysqld.exe (mysqld 8.4.0) initializing of server in progress as process 35748
2025-09-28T14:32:02.239178Z 0 [ERROR] [MY-010457] [Server] --initialize specified but the data directory has files in it. Aborting.
2025-09-28T14:32:02.239505Z 0 [ERROR] [MY-013236] [Server] The designated data directory D:\desktop\file\Code\VS_Code\python\distribute\setup\mysql-8.4.0-winx64\data\ is unusable. You can remove all files that the server added to it.
2025-09-28T14:32:02.242951Z 0 [ERROR] [MY-010119] [Server] Aborting
2025-09-28T14:32:02.243463Z 0 [System] [MY-015018] [Server] MySQL Server Initialization - end.
2025-09-28T14:32:15.978369Z 0 [System] [MY-015017] [Server] MySQL Server Initialization - start.
2025-09-28T14:32:15.996776Z 0 [System] [MY-013169] [Server] D:\desktop\file\Code\VS_Code\python\distribute\setup\mysql-8.4.0-winx64\bin\mysqld.exe (mysqld 8.4.0) initializing of server in progress as process 60204
2025-09-28T14:32:16.001928Z 0 [ERROR] [MY-010457] [Server] --initialize specified but the data directory has files in it. Aborting.
2025-09-28T14:32:16.002549Z 0 [ERROR] [MY-013236] [Server] The designated data directory D:\desktop\file\Code\VS_Code\python\distribute\setup\mysql-8.4.0-winx64\data\ is unusable. You can remove all files that the server added to it.
2025-09-28T14:32:16.008583Z 0 [ERROR] [MY-010119] [Server] Aborting
2025-09-28T14:32:16.009435Z 0 [System] [MY-015018] [Server] MySQL Server Initialization - end.
2025-09-28T14:32:24.048285Z 0 [System] [MY-015017] [Server] MySQL Server Initialization - start.
2025-09-28T14:32:24.055969Z 0 [System] [MY-013169] [Server] D:\desktop\file\Code\VS_Code\python\distribute\setup\mysql-8.4.0-winx64\bin\mysqld.exe (mysqld 8.4.0) initializing of server in progress as process 47408
2025-09-28T14:32:24.058216Z 0 [ERROR] [MY-010457] [Server] --initialize specified but the data directory has files in it. Aborting.
2025-09-28T14:32:24.058458Z 0 [ERROR] [MY-013236] [Server] The designated data directory D:\desktop\file\Code\VS_Code\python\distribute\setup\mysql-8.4.0-winx64\data\ is unusable. You can remove all files that the server added to it.
2025-09-28T14:32:24.061283Z 0 [ERROR] [MY-010119] [Server] Aborting
2025-09-28T14:32:24.061700Z 0 [System] [MY-015018] [Server] MySQL Server Initialization - end.
2025-09-28T14:34:06.758453Z 0 [System] [MY-015017] [Server] MySQL Server Initialization - start.
2025-09-28T14:34:06.766887Z 0 [System] [MY-013169] [Server] D:\desktop\file\Code\VS_Code\python\distribute\setup\mysql-8.4.0-winx64\bin\mysqld.exe (mysqld 8.4.0) initializing of server in progress as process 2408
2025-09-28T14:34:06.769522Z 0 [ERROR] [MY-010457] [Server] --initialize specified but the data directory has files in it. Aborting.
2025-09-28T14:34:06.769811Z 0 [ERROR] [MY-013236] [Server] The designated data directory D:\desktop\file\Code\VS_Code\python\distribute\setup\mysql-8.4.0-winx64\data\ is unusable. You can remove all files that the server added to it.
2025-09-28T14:34:06.772810Z 0 [ERROR] [MY-010119] [Server] Aborting
2025-09-28T14:34:06.773222Z 0 [System] [MY-015018] [Server] MySQL Server Initialization - end.
2025-09-28T14:34:40.041694Z 0 [System] [MY-015017] [Server] MySQL Server Initialization - start.
2025-09-28T14:34:40.052441Z 0 [System] [MY-013169] [Server] D:\desktop\file\Code\VS_Code\python\distribute\setup\mysql-8.4.0-winx64\bin\mysqld.exe (mysqld 8.4.0) initializing of server in progress as process 33816
2025-09-28T14:34:40.056181Z 0 [ERROR] [MY-010457] [Server] --initialize specified but the data directory has files in it. Aborting.
2025-09-28T14:34:40.056657Z 0 [ERROR] [MY-013236] [Server] The designated data directory D:\desktop\file\Code\VS_Code\python\distribute\setup\mysql-8.4.0-winx64\data\ is unusable. You can remove all files that the server added to it.
2025-09-28T14:34:40.060405Z 0 [ERROR] [MY-010119] [Server] Aborting
2025-09-28T14:34:40.060935Z 0 [System] [MY-015018] [Server] MySQL Server Initialization - end.
2025-09-28T14:36:53.594742Z 0 [System] [MY-015017] [Server] MySQL Server Initialization - start.
2025-09-28T14:36:53.602996Z 0 [System] [MY-013169] [Server] D:\desktop\file\Code\VS_Code\python\distribute\setup\mysql-8.4.0-winx64\bin\mysqld.exe (mysqld 8.4.0) initializing of server in progress as process 59844
2025-09-28T14:36:53.605778Z 0 [ERROR] [MY-010457] [Server] --initialize specified but the data directory has files in it. Aborting.
2025-09-28T14:36:53.606079Z 0 [ERROR] [MY-013236] [Server] The designated data directory D:\desktop\file\Code\VS_Code\python\distribute\setup\mysql-8.4.0-winx64\data\ is unusable. You can remove all files that the server added to it.
2025-09-28T14:36:53.608808Z 0 [ERROR] [MY-010119] [Server] Aborting
2025-09-28T14:36:53.609220Z 0 [System] [MY-015018] [Server] MySQL Server Initialization - end.
2025-09-28T14:45:48.027445Z 0 [System] [MY-015017] [Server] MySQL Server Initialization - start.
2025-09-28T14:45:48.037222Z 0 [System] [MY-013169] [Server] D:\desktop\file\Code\VS_Code\python\distribute\setup\mysql-8.4.0-winx64\bin\mysqld.exe (mysqld 8.4.0) initializing of server in progress as process 44836
2025-09-28T14:45:48.040288Z 0 [ERROR] [MY-010457] [Server] --initialize specified but the data directory has files in it. Aborting.
2025-09-28T14:45:48.040599Z 0 [ERROR] [MY-013236] [Server] The designated data directory D:\desktop\file\Code\VS_Code\python\distribute\setup\mysql-8.4.0-winx64\data\ is unusable. You can remove all files that the server added to it.
2025-09-28T14:45:48.043731Z 0 [ERROR] [MY-010119] [Server] Aborting
2025-09-28T14:45:48.044186Z 0 [System] [MY-015018] [Server] MySQL Server Initialization - end.
2025-09-28T14:45:56.434772Z 0 [System] [MY-015017] [Server] MySQL Server Initialization - start.
2025-09-28T14:45:56.456082Z 0 [System] [MY-013169] [Server] D:\desktop\file\Code\VS_Code\python\distribute\setup\mysql-8.4.0-winx64\bin\mysqld.exe (mysqld 8.4.0) initializing of server in progress as process 63740
2025-09-28T14:45:56.461263Z 0 [ERROR] [MY-010457] [Server] --initialize specified but the data directory has files in it. Aborting.
2025-09-28T14:45:56.461742Z 0 [ERROR] [MY-013236] [Server] The designated data directory D:\desktop\file\Code\VS_Code\python\distribute\setup\mysql-8.4.0-winx64\data\ is unusable. You can remove all files that the server added to it.
2025-09-28T14:45:56.466432Z 0 [ERROR] [MY-010119] [Server] Aborting
2025-09-28T14:45:56.467098Z 0 [System] [MY-015018] [Server] MySQL Server Initialization - end.
2025-09-28T14:51:12.638565Z 0 [System] [MY-015017] [Server] MySQL Server Initialization - start.
2025-09-28T14:51:12.647382Z 0 [System] [MY-013169] [Server] D:\desktop\file\Code\VS_Code\python\distribute\setup\mysql-8.4.0-winx64\bin\mysqld.exe (mysqld 8.4.0) initializing of server in progress as process 25276
2025-09-28T14:51:12.649706Z 0 [ERROR] [MY-010457] [Server] --initialize specified but the data directory has files in it. Aborting.
2025-09-28T14:51:12.649968Z 0 [ERROR] [MY-013236] [Server] The designated data directory D:\desktop\file\Code\VS_Code\python\distribute\setup\mysql-8.4.0-winx64\data\ is unusable. You can remove all files that the server added to it.
2025-09-28T14:51:12.652461Z 0 [ERROR] [MY-010119] [Server] Aborting
2025-09-28T14:51:12.652856Z 0 [System] [MY-015018] [Server] MySQL Server Initialization - end.
2025-09-28T14:53:07.037923Z 0 [System] [MY-015017] [Server] MySQL Server Initialization - start.
2025-09-28T14:53:07.046969Z 0 [System] [MY-013169] [Server] D:\desktop\file\Code\VS_Code\python\distribute\setup\mysql-8.4.0-winx64\bin\mysqld.exe (mysqld 8.4.0) initializing of server in progress as process 45172
2025-09-28T14:53:07.051346Z 0 [ERROR] [MY-010457] [Server] --initialize specified but the data directory has files in it. Aborting.
2025-09-28T14:53:07.051922Z 0 [ERROR] [MY-013236] [Server] The designated data directory D:\desktop\file\Code\VS_Code\python\distribute\setup\mysql-8.4.0-winx64\data\ is unusable. You can remove all files that the server added to it.
2025-09-28T14:53:07.057631Z 0 [ERROR] [MY-010119] [Server] Aborting
2025-09-28T14:53:07.058675Z 0 [System] [MY-015018] [Server] MySQL Server Initialization - end.
2025-09-28T14:55:11.985306Z 0 [System] [MY-015017] [Server] MySQL Server Initialization - start.
2025-09-28T14:55:11.993381Z 0 [System] [MY-013169] [Server] D:\desktop\file\Code\VS_Code\python\distribute\setup\mysql-8.4.0-winx64\bin\mysqld.exe (mysqld 8.4.0) initializing of server in progress as process 53108
2025-09-28T14:55:11.996012Z 0 [ERROR] [MY-010457] [Server] --initialize specified but the data directory has files in it. Aborting.
2025-09-28T14:55:11.996307Z 0 [ERROR] [MY-013236] [Server] The designated data directory D:\desktop\file\Code\VS_Code\python\distribute\setup\mysql-8.4.0-winx64\data\ is unusable. You can remove all files that the server added to it.
2025-09-28T14:55:11.999404Z 0 [ERROR] [MY-010119] [Server] Aborting
2025-09-28T14:55:12.000066Z 0 [System] [MY-015018] [Server] MySQL Server Initialization - end.
2025-09-28T14:55:43.386334Z 0 [System] [MY-015017] [Server] MySQL Server Initialization - start.
2025-09-28T14:55:43.402015Z 0 [System] [MY-013169] [Server] D:\desktop\file\Code\VS_Code\python\distribute\setup\mysql-8.4.0-winx64\bin\mysqld.exe (mysqld 8.4.0) initializing of server in progress as process 54240
2025-09-28T14:55:43.406612Z 0 [ERROR] [MY-010457] [Server] --initialize specified but the data directory has files in it. Aborting.
2025-09-28T14:55:43.407096Z 0 [ERROR] [MY-013236] [Server] The designated data directory D:\desktop\file\Code\VS_Code\python\distribute\setup\mysql-8.4.0-winx64\data\ is unusable. You can remove all files that the server added to it.
2025-09-28T14:55:43.412033Z 0 [ERROR] [MY-010119] [Server] Aborting
2025-09-28T14:55:43.412629Z 0 [System] [MY-015018] [Server] MySQL Server Initialization - end.
2025-09-28T14:57:34.293226Z 0 [System] [MY-015017] [Server] MySQL Server Initialization - start.
2025-09-28T14:57:34.302986Z 0 [System] [MY-013169] [Server] D:\desktop\file\Code\VS_Code\python\distribute\setup\mysql-8.4.0-winx64\bin\mysqld.exe (mysqld 8.4.0) initializing of server in progress as process 57360
2025-09-28T14:57:34.305719Z 0 [ERROR] [MY-010457] [Server] --initialize specified but the data directory has files in it. Aborting.
2025-09-28T14:57:34.306001Z 0 [ERROR] [MY-013236] [Server] The designated data directory D:\desktop\file\Code\VS_Code\python\distribute\setup\mysql-8.4.0-winx64\data\ is unusable. You can remove all files that the server added to it.
2025-09-28T14:57:34.308646Z 0 [ERROR] [MY-010119] [Server] Aborting
2025-09-28T14:57:34.309082Z 0 [System] [MY-015018] [Server] MySQL Server Initialization - end.
2025-09-28T14:57:47.812181Z 0 [System] [MY-015017] [Server] MySQL Server Initialization - start.
2025-09-28T14:57:47.819143Z 0 [System] [MY-013169] [Server] D:\desktop\file\Code\VS_Code\python\distribute\setup\mysql-8.4.0-winx64\bin\mysqld.exe (mysqld 8.4.0) initializing of server in progress as process 58172
2025-09-28T14:57:47.821147Z 0 [ERROR] [MY-010457] [Server] --initialize specified but the data directory has files in it. Aborting.
2025-09-28T14:57:47.821379Z 0 [ERROR] [MY-013236] [Server] The designated data directory D:\desktop\file\Code\VS_Code\python\distribute\setup\mysql-8.4.0-winx64\data\ is unusable. You can remove all files that the server added to it.
2025-09-28T14:57:47.823544Z 0 [ERROR] [MY-010119] [Server] Aborting
2025-09-28T14:57:47.823861Z 0 [System] [MY-015018] [Server] MySQL Server Initialization - end.
2025-09-28T14:58:48.923083Z 0 [System] [MY-015017] [Server] MySQL Server Initialization - start.
2025-09-28T14:58:48.934350Z 0 [System] [MY-013169] [Server] D:\desktop\file\Code\VS_Code\python\distribute\setup\mysql-8.4.0-winx64\bin\mysqld.exe (mysqld 8.4.0) initializing of server in progress as process 28276
2025-09-28T14:58:48.937315Z 0 [ERROR] [MY-010457] [Server] --initialize specified but the data directory has files in it. Aborting.
2025-09-28T14:58:48.937678Z 0 [ERROR] [MY-013236] [Server] The designated data directory D:\desktop\file\Code\VS_Code\python\distribute\setup\mysql-8.4.0-winx64\data\ is unusable. You can remove all files that the server added to it.
2025-09-28T14:58:48.941167Z 0 [ERROR] [MY-010119] [Server] Aborting
2025-09-28T14:58:48.941863Z 0 [System] [MY-015018] [Server] MySQL Server Initialization - end.
2025-09-28T14:59:06.516449Z 0 [System] [MY-015017] [Server] MySQL Server Initialization - start.
2025-09-28T14:59:06.522790Z 0 [System] [MY-013169] [Server] D:\desktop\file\Code\VS_Code\python\distribute\setup\mysql-8.4.0-winx64\bin\mysqld.exe (mysqld 8.4.0) initializing of server in progress as process 55740
2025-09-28T14:59:06.524727Z 0 [ERROR] [MY-010457] [Server] --initialize specified but the data directory has files in it. Aborting.
2025-09-28T14:59:06.524933Z 0 [ERROR] [MY-013236] [Server] The designated data directory D:\desktop\file\Code\VS_Code\python\distribute\setup\mysql-8.4.0-winx64\data\ is unusable. You can remove all files that the server added to it.
2025-09-28T14:59:06.527042Z 0 [ERROR] [MY-010119] [Server] Aborting
2025-09-28T14:59:06.527348Z 0 [System] [MY-015018] [Server] MySQL Server Initialization - end.
2025-09-28T15:00:11.362817Z 0 [System] [MY-015017] [Server] MySQL Server Initialization - start.
2025-09-28T15:00:11.374666Z 0 [System] [MY-013169] [Server] D:\desktop\file\Code\VS_Code\python\distribute\setup\mysql-8.4.0-winx64\bin\mysqld.exe (mysqld 8.4.0) initializing of server in progress as process 3960
2025-09-28T15:00:11.377996Z 0 [ERROR] [MY-010457] [Server] --initialize specified but the data directory has files in it. Aborting.
2025-09-28T15:00:11.378366Z 0 [ERROR] [MY-013236] [Server] The designated data directory D:\desktop\file\Code\VS_Code\python\distribute\setup\mysql-8.4.0-winx64\data\ is unusable. You can remove all files that the server added to it.
2025-09-28T15:00:11.382603Z 0 [ERROR] [MY-010119] [Server] Aborting
2025-09-28T15:00:11.383211Z 0 [System] [MY-015018] [Server] MySQL Server Initialization - end.
2025-09-28T15:02:10.619707Z 0 [System] [MY-015017] [Server] MySQL Server Initialization - start.
2025-09-28T15:02:10.632007Z 0 [System] [MY-013169] [Server] D:\desktop\file\Code\VS_Code\python\distribute\setup\mysql-8.4.0-winx64\bin\mysqld.exe (mysqld 8.4.0) initializing of server in progress as process 19112
2025-09-28T15:02:10.635789Z 0 [ERROR] [MY-010457] [Server] --initialize specified but the data directory has files in it. Aborting.
2025-09-28T15:02:10.636230Z 0 [ERROR] [MY-013236] [Server] The designated data directory D:\desktop\file\Code\VS_Code\python\distribute\setup\mysql-8.4.0-winx64\data\ is unusable. You can remove all files that the server added to it.
2025-09-28T15:02:10.640325Z 0 [ERROR] [MY-010119] [Server] Aborting
2025-09-28T15:02:10.640908Z 0 [System] [MY-015018] [Server] MySQL Server Initialization - end.
2025-09-28T15:02:13.274319Z 0 [System] [MY-015017] [Server] MySQL Server Initialization - start.
2025-09-28T15:02:13.294877Z 0 [System] [MY-013169] [Server] D:\desktop\file\Code\VS_Code\python\distribute\setup\mysql-8.4.0-winx64\bin\mysqld.exe (mysqld 8.4.0) initializing of server in progress as process 15908
2025-09-28T15:02:13.300976Z 0 [ERROR] [MY-010457] [Server] --initialize specified but the data directory has files in it. Aborting.
2025-09-28T15:02:13.301653Z 0 [ERROR] [MY-013236] [Server] The designated data directory D:\desktop\file\Code\VS_Code\python\distribute\setup\mysql-8.4.0-winx64\data\ is unusable. You can remove all files that the server added to it.
2025-09-28T15:02:13.309348Z 0 [ERROR] [MY-010119] [Server] Aborting
2025-09-28T15:02:13.310703Z 0 [System] [MY-015018] [Server] MySQL Server Initialization - end.
2025-09-28T15:02:51.015227Z 0 [System] [MY-015017] [Server] MySQL Server Initialization - start.
2025-09-28T15:02:51.023025Z 0 [System] [MY-013169] [Server] D:\desktop\file\Code\VS_Code\python\distribute\setup\mysql-8.4.0-winx64\bin\mysqld.exe (mysqld 8.4.0) initializing of server in progress as process 63076
2025-09-28T15:02:51.025314Z 0 [ERROR] [MY-010457] [Server] --initialize specified but the data directory has files in it. Aborting.
2025-09-28T15:02:51.025565Z 0 [ERROR] [MY-013236] [Server] The designated data directory D:\desktop\file\Code\VS_Code\python\distribute\setup\mysql-8.4.0-winx64\data\ is unusable. You can remove all files that the server added to it.
2025-09-28T15:02:51.028176Z 0 [ERROR] [MY-010119] [Server] Aborting
2025-09-28T15:02:51.028770Z 0 [System] [MY-015018] [Server] MySQL Server Initialization - end.
2025-09-28T15:02:53.101646Z 0 [System] [MY-015017] [Server] MySQL Server Initialization - start.
2025-09-28T15:02:53.112283Z 0 [System] [MY-013169] [Server] D:\desktop\file\Code\VS_Code\python\distribute\setup\mysql-8.4.0-winx64\bin\mysqld.exe (mysqld 8.4.0) initializing of server in progress as process 53180
2025-09-28T15:02:53.114727Z 0 [ERROR] [MY-010457] [Server] --initialize specified but the data directory has files in it. Aborting.
2025-09-28T15:02:53.114988Z 0 [ERROR] [MY-013236] [Server] The designated data directory D:\desktop\file\Code\VS_Code\python\distribute\setup\mysql-8.4.0-winx64\data\ is unusable. You can remove all files that the server added to it.
2025-09-28T15:02:53.119134Z 0 [ERROR] [MY-010119] [Server] Aborting
2025-09-28T15:02:53.119777Z 0 [System] [MY-015018] [Server] MySQL Server Initialization - end.
2025-09-28T15:11:23.171319Z 0 [System] [MY-015017] [Server] MySQL Server Initialization - start.
2025-09-28T15:11:23.178930Z 0 [System] [MY-013169] [Server] D:\desktop\file\Code\VS_Code\python\distribute\setup\mysql-8.4.0-winx64\bin\mysqld.exe (mysqld 8.4.0) initializing of server in progress as process 2668
2025-09-28T15:11:23.180982Z 0 [ERROR] [MY-010457] [Server] --initialize specified but the data directory has files in it. Aborting.
2025-09-28T15:11:23.181208Z 0 [ERROR] [MY-013236] [Server] The designated data directory D:\desktop\file\Code\VS_Code\python\distribute\setup\mysql-8.4.0-winx64\data\ is unusable. You can remove all files that the server added to it.
2025-09-28T15:11:23.183222Z 0 [ERROR] [MY-010119] [Server] Aborting
2025-09-28T15:11:23.183636Z 0 [System] [MY-015018] [Server] MySQL Server Initialization - end.
2025-09-28T15:11:23.330514Z 0 [System] [MY-015015] [Server] MySQL Server - start.
2025-09-28T15:11:23.437731Z 0 [System] [MY-010116] [Server] D:\desktop\file\Code\VS_Code\python\distribute\setup\mysql-8.4.0-winx64\bin\mysqld.exe (mysqld 8.4.0) starting as process 24964
2025-09-28T15:11:23.496768Z 1 [System] [MY-013576] [InnoDB] InnoDB initialization has started.
2025-09-28T15:11:24.088781Z 1 [System] [MY-013577] [InnoDB] InnoDB initialization has ended.
2025-09-28T15:11:24.309102Z 0 [System] [MY-010229] [Server] Starting XA crash recovery...
2025-09-28T15:11:24.312839Z 0 [System] [MY-010232] [Server] XA crash recovery finished.
2025-09-28T15:11:24.356281Z 0 [Warning] [MY-010068] [Server] CA certificate ca.pem is self signed.
2025-09-28T15:11:24.356607Z 0 [System] [MY-013602] [Server] Channel mysql_main configured to support TLS. Encrypted connections are now supported for this channel.
2025-09-28T15:11:24.395232Z 0 [System] [MY-010931] [Server] D:\desktop\file\Code\VS_Code\python\distribute\setup\mysql-8.4.0-winx64\bin\mysqld.exe: ready for connections. Version: '8.4.0'  socket: ''  port: 3306  MySQL Community Server - GPL.
2025-09-28T15:11:24.664483Z 0 [System] [MY-011323] [Server] X Plugin ready for connections. Bind-address: '::' port: 33060
2025-09-29T06:56:25.183910Z 0 [System] [MY-015017] [Server] MySQL Server Initialization - start.
2025-09-29T06:56:25.189841Z 0 [System] [MY-013169] [Server] D:\desktop\file\Code\VS_Code\python\distribute\setup\mysql-8.4.0-winx64\bin\mysqld.exe (mysqld 8.4.0) initializing of server in progress as process 26580
2025-09-29T06:56:25.193383Z 0 [ERROR] [MY-010457] [Server] --initialize specified but the data directory has files in it. Aborting.
2025-09-29T06:56:25.193591Z 0 [ERROR] [MY-013236] [Server] The designated data directory D:\desktop\file\Code\VS_Code\python\distribute\setup\mysql-8.4.0-winx64\data\ is unusable. You can remove all files that the server added to it.
2025-09-29T06:56:25.195491Z 0 [ERROR] [MY-010119] [Server] Aborting
2025-09-29T06:56:25.195790Z 0 [System] [MY-015018] [Server] MySQL Server Initialization - end.
2025-09-29T09:05:11.054086Z 0 [System] [MY-015017] [Server] MySQL Server Initialization - start.
2025-09-29T09:05:11.066342Z 0 [System] [MY-013169] [Server] D:\desktop\file\Code\VS_Code\python\distribute\setup\mysql-8.4.0-winx64\bin\mysqld.exe (mysqld 8.4.0) initializing of server in progress as process 7976
2025-09-29T09:05:11.070315Z 0 [ERROR] [MY-010457] [Server] --initialize specified but the data directory has files in it. Aborting.
2025-09-29T09:05:11.070812Z 0 [ERROR] [MY-013236] [Server] The designated data directory D:\desktop\file\Code\VS_Code\python\distribute\setup\mysql-8.4.0-winx64\data\ is unusable. You can remove all files that the server added to it.
2025-09-29T09:05:11.074970Z 0 [ERROR] [MY-010119] [Server] Aborting
2025-09-29T09:05:11.075521Z 0 [System] [MY-015018] [Server] MySQL Server Initialization - end.
2025-09-29T09:05:17.131913Z 0 [System] [MY-015017] [Server] MySQL Server Initialization - start.
2025-09-29T09:05:17.138039Z 0 [System] [MY-013169] [Server] D:\desktop\file\Code\VS_Code\python\distribute\setup\mysql-8.4.0-winx64\bin\mysqld.exe (mysqld 8.4.0) initializing of server in progress as process 52084
2025-09-29T09:05:17.139599Z 0 [ERROR] [MY-010457] [Server] --initialize specified but the data directory has files in it. Aborting.
2025-09-29T09:05:17.139780Z 0 [ERROR] [MY-013236] [Server] The designated data directory D:\desktop\file\Code\VS_Code\python\distribute\setup\mysql-8.4.0-winx64\data\ is unusable. You can remove all files that the server added to it.
2025-09-29T09:05:17.141560Z 0 [ERROR] [MY-010119] [Server] Aborting
2025-09-29T09:05:17.141831Z 0 [System] [MY-015018] [Server] MySQL Server Initialization - end.
2025-09-29T09:34:47.690407Z 0 [System] [MY-015017] [Server] MySQL Server Initialization - start.
2025-09-29T09:34:47.698023Z 0 [System] [MY-013169] [Server] D:\desktop\file\Code\VS_Code\python\distribute\setup\mysql-8.4.0-winx64\bin\mysqld.exe (mysqld 8.4.0) initializing of server in progress as process 51920
2025-09-29T09:34:47.700283Z 0 [ERROR] [MY-010457] [Server] --initialize specified but the data directory has files in it. Aborting.
2025-09-29T09:34:47.700591Z 0 [ERROR] [MY-013236] [Server] The designated data directory D:\desktop\file\Code\VS_Code\python\distribute\setup\mysql-8.4.0-winx64\data\ is unusable. You can remove all files that the server added to it.
2025-09-29T09:34:47.703214Z 0 [ERROR] [MY-010119] [Server] Aborting
2025-09-29T09:34:47.703678Z 0 [System] [MY-015018] [Server] MySQL Server Initialization - end.
2025-09-29T09:34:52.606661Z 0 [System] [MY-015017] [Server] MySQL Server Initialization - start.
2025-09-29T09:34:52.613983Z 0 [System] [MY-013169] [Server] D:\desktop\file\Code\VS_Code\python\distribute\setup\mysql-8.4.0-winx64\bin\mysqld.exe (mysqld 8.4.0) initializing of server in progress as process 51824
2025-09-29T09:34:52.616323Z 0 [ERROR] [MY-010457] [Server] --initialize specified but the data directory has files in it. Aborting.
2025-09-29T09:34:52.616563Z 0 [ERROR] [MY-013236] [Server] The designated data directory D:\desktop\file\Code\VS_Code\python\distribute\setup\mysql-8.4.0-winx64\data\ is unusable. You can remove all files that the server added to it.
2025-09-29T09:34:52.619035Z 0 [ERROR] [MY-010119] [Server] Aborting
2025-09-29T09:34:52.619415Z 0 [System] [MY-015018] [Server] MySQL Server Initialization - end.
2025-09-29T09:55:55.823957Z 0 [System] [MY-015017] [Server] MySQL Server Initialization - start.
2025-09-29T09:55:55.830445Z 0 [System] [MY-013169] [Server] D:\desktop\file\Code\VS_Code\python\distribute\setup\mysql-8.4.0-winx64\bin\mysqld.exe (mysqld 8.4.0) initializing of server in progress as process 51784
2025-09-29T09:55:55.832579Z 0 [ERROR] [MY-010457] [Server] --initialize specified but the data directory has files in it. Aborting.
2025-09-29T09:55:55.832791Z 0 [ERROR] [MY-013236] [Server] The designated data directory D:\desktop\file\Code\VS_Code\python\distribute\setup\mysql-8.4.0-winx64\data\ is unusable. You can remove all files that the server added to it.
2025-09-29T09:55:55.834986Z 0 [ERROR] [MY-010119] [Server] Aborting
2025-09-29T09:55:55.835437Z 0 [System] [MY-015018] [Server] MySQL Server Initialization - end.
2025-09-29T09:56:00.377564Z 0 [System] [MY-015017] [Server] MySQL Server Initialization - start.
2025-09-29T09:56:00.383399Z 0 [System] [MY-013169] [Server] D:\desktop\file\Code\VS_Code\python\distribute\setup\mysql-8.4.0-winx64\bin\mysqld.exe (mysqld 8.4.0) initializing of server in progress as process 29836
2025-09-29T09:56:00.385274Z 0 [ERROR] [MY-010457] [Server] --initialize specified but the data directory has files in it. Aborting.
2025-09-29T09:56:00.385494Z 0 [ERROR] [MY-013236] [Server] The designated data directory D:\desktop\file\Code\VS_Code\python\distribute\setup\mysql-8.4.0-winx64\data\ is unusable. You can remove all files that the server added to it.
2025-09-29T09:56:00.387614Z 0 [ERROR] [MY-010119] [Server] Aborting
2025-09-29T09:56:00.387914Z 0 [System] [MY-015018] [Server] MySQL Server Initialization - end.
